{"total": {"lines":{"total":591,"covered":591,"skipped":0,"pct":100},"statements":{"total":591,"covered":591,"skipped":0,"pct":100},"functions":{"total":26,"covered":26,"skipped":0,"pct":100},"branches":{"total":111,"covered":110,"skipped":0,"pct":99.09},"branchesTrue":{"total":0,"covered":0,"skipped":0,"pct":100}}
,"C:\\Users\\Lenovo\\Desktop\\MediQ\\Frontend\\src\\components\\shared\\ProtectedRoute.jsx": {"lines":{"total":58,"covered":58,"skipped":0,"pct":100},"functions":{"total":2,"covered":2,"skipped":0,"pct":100},"statements":{"total":58,"covered":58,"skipped":0,"pct":100},"branches":{"total":11,"covered":10,"skipped":0,"pct":90.9}}
,"C:\\Users\\Lenovo\\Desktop\\MediQ\\Frontend\\src\\pages\\public\\LandingPage.jsx": {"lines":{"total":79,"covered":79,"skipped":0,"pct":100},"functions":{"total":5,"covered":5,"skipped":0,"pct":100},"statements":{"total":79,"covered":79,"skipped":0,"pct":100},"branches":{"total":12,"covered":12,"skipped":0,"pct":100}}
,"C:\\Users\\Lenovo\\Desktop\\MediQ\\Frontend\\src\\pages\\public\\LoginPage.jsx": {"lines":{"total":148,"covered":148,"skipped":0,"pct":100},"functions":{"total":6,"covered":6,"skipped":0,"pct":100},"statements":{"total":148,"covered":148,"skipped":0,"pct":100},"branches":{"total":24,"covered":24,"skipped":0,"pct":100}}
,"C:\\Users\\Lenovo\\Desktop\\MediQ\\Frontend\\src\\pages\\public\\RegisterPage.jsx": {"lines":{"total":187,"covered":187,"skipped":0,"pct":100},"functions":{"total":4,"covered":4,"skipped":0,"pct":100},"statements":{"total":187,"covered":187,"skipped":0,"pct":100},"branches":{"total":38,"covered":38,"skipped":0,"pct":100}}
,"C:\\Users\\Lenovo\\Desktop\\MediQ\\Frontend\\src\\stores\\useAuthStore.js": {"lines":{"total":102,"covered":102,"skipped":0,"pct":100},"functions":{"total":8,"covered":8,"skipped":0,"pct":100},"statements":{"total":102,"covered":102,"skipped":0,"pct":100},"branches":{"total":25,"covered":25,"skipped":0,"pct":100}}
,"C:\\Users\\Lenovo\\Desktop\\MediQ\\Frontend\\src\\utils\\validationSchemas.js": {"lines":{"total":17,"covered":17,"skipped":0,"pct":100},"functions":{"total":1,"covered":1,"skipped":0,"pct":100},"statements":{"total":17,"covered":17,"skipped":0,"pct":100},"branches":{"total":1,"covered":1,"skipped":0,"pct":100}}
}
