{"total": {"lines":{"total":540,"covered":540,"skipped":0,"pct":100},"statements":{"total":540,"covered":540,"skipped":0,"pct":100},"functions":{"total":23,"covered":23,"skipped":0,"pct":100},"branches":{"total":90,"covered":83,"skipped":0,"pct":92.22},"branchesTrue":{"total":0,"covered":0,"skipped":0,"pct":100}}
,"C:\\Users\\Lenovo\\Desktop\\MediQ\\Frontend\\src\\components\\shared\\ProtectedRoute.jsx": {"lines":{"total":54,"covered":54,"skipped":0,"pct":100},"functions":{"total":2,"covered":2,"skipped":0,"pct":100},"statements":{"total":54,"covered":54,"skipped":0,"pct":100},"branches":{"total":10,"covered":10,"skipped":0,"pct":100}}
,"C:\\Users\\Lenovo\\Desktop\\MediQ\\Frontend\\src\\pages\\public\\LandingPage.jsx": {"lines":{"total":53,"covered":53,"skipped":0,"pct":100},"functions":{"total":3,"covered":3,"skipped":0,"pct":100},"statements":{"total":53,"covered":53,"skipped":0,"pct":100},"branches":{"total":3,"covered":3,"skipped":0,"pct":100}}
,"C:\\Users\\Lenovo\\Desktop\\MediQ\\Frontend\\src\\pages\\public\\LoginPage.jsx": {"lines":{"total":148,"covered":148,"skipped":0,"pct":100},"functions":{"total":6,"covered":6,"skipped":0,"pct":100},"statements":{"total":148,"covered":148,"skipped":0,"pct":100},"branches":{"total":24,"covered":24,"skipped":0,"pct":100}}
,"C:\\Users\\Lenovo\\Desktop\\MediQ\\Frontend\\src\\pages\\public\\RegisterPage.jsx": {"lines":{"total":166,"covered":166,"skipped":0,"pct":100},"functions":{"total":3,"covered":3,"skipped":0,"pct":100},"statements":{"total":166,"covered":166,"skipped":0,"pct":100},"branches":{"total":27,"covered":22,"skipped":0,"pct":81.48}}
,"C:\\Users\\Lenovo\\Desktop\\MediQ\\Frontend\\src\\stores\\useAuthStore.js": {"lines":{"total":102,"covered":102,"skipped":0,"pct":100},"functions":{"total":8,"covered":8,"skipped":0,"pct":100},"statements":{"total":102,"covered":102,"skipped":0,"pct":100},"branches":{"total":25,"covered":23,"skipped":0,"pct":92}}
,"C:\\Users\\Lenovo\\Desktop\\MediQ\\Frontend\\src\\utils\\validationSchemas.js": {"lines":{"total":17,"covered":17,"skipped":0,"pct":100},"functions":{"total":1,"covered":1,"skipped":0,"pct":100},"statements":{"total":17,"covered":17,"skipped":0,"pct":100},"branches":{"total":1,"covered":1,"skipped":0,"pct":100}}
}
