{"C:\\Users\\Lenovo\\Desktop\\MediQ\\Backend\\src\\app.js": {"path":"C:\\Users\\Lenovo\\Desktop\\MediQ\\Backend\\src\\app.js","statementMap":{"0":{"start":{"line":1,"column":16},"end":{"line":1,"column":34}},"1":{"start":{"line":2,"column":13},"end":{"line":2,"column":28}},"2":{"start":{"line":3,"column":15},"end":{"line":3,"column":32}},"3":{"start":{"line":4,"column":21},"end":{"line":4,"column":45}},"4":{"start":{"line":5,"column":18},"end":{"line":5,"column":47}},"5":{"start":{"line":6,"column":13},"end":{"line":6,"column":30}},"6":{"start":{"line":7,"column":13},"end":{"line":7,"column":28}},"7":{"start":{"line":8,"column":18},"end":{"line":8,"column":47}},"8":{"start":{"line":10,"column":34},"end":{"line":10,"column":57}},"9":{"start":{"line":11,"column":15},"end":{"line":11,"column":34}},"10":{"start":{"line":12,"column":35},"end":{"line":12,"column":59}},"11":{"start":{"line":14,"column":12},"end":{"line":14,"column":21}},"12":{"start":{"line":15,"column":23},"end":{"line":22,"column":1}},"13":{"start":{"line":20,"column":21},"end":{"line":20,"column":34}},"14":{"start":{"line":24,"column":0},"end":{"line":37,"column":2}},"15":{"start":{"line":27,"column":6},"end":{"line":29,"column":7}},"16":{"start":{"line":28,"column":8},"end":{"line":28,"column":36}},"17":{"start":{"line":31,"column":6},"end":{"line":31,"column":76}},"18":{"start":{"line":39,"column":0},"end":{"line":39,"column":24}},"19":{"start":{"line":40,"column":0},"end":{"line":40,"column":48}},"20":{"start":{"line":41,"column":0},"end":{"line":41,"column":24}},"21":{"start":{"line":43,"column":0},"end":{"line":45,"column":1}},"22":{"start":{"line":44,"column":2},"end":{"line":44,"column":25}},"23":{"start":{"line":48,"column":20},"end":{"line":58,"column":2}},"24":{"start":{"line":57,"column":14},"end":{"line":57,"column":33}},"25":{"start":{"line":60,"column":0},"end":{"line":60,"column":40}},"26":{"start":{"line":61,"column":0},"end":{"line":61,"column":43}},"27":{"start":{"line":63,"column":0},"end":{"line":63,"column":24}},"28":{"start":{"line":65,"column":24},"end":{"line":65,"column":78}},"29":{"start":{"line":66,"column":0},"end":{"line":66,"column":72}},"30":{"start":{"line":68,"column":0},"end":{"line":73,"column":3}},"31":{"start":{"line":69,"column":2},"end":{"line":72,"column":5}},"32":{"start":{"line":75,"column":0},"end":{"line":75,"column":18}},"33":{"start":{"line":76,"column":0},"end":{"line":76,"column":22}},"34":{"start":{"line":78,"column":0},"end":{"line":78,"column":21}}},"fnMap":{"0":{"name":"(anonymous_0)","decl":{"start":{"line":20,"column":9},"end":{"line":20,"column":10}},"loc":{"start":{"line":20,"column":21},"end":{"line":20,"column":34}},"line":20},"1":{"name":"(anonymous_1)","decl":{"start":{"line":26,"column":12},"end":{"line":26,"column":13}},"loc":{"start":{"line":26,"column":34},"end":{"line":32,"column":5}},"line":26},"2":{"name":"(anonymous_2)","decl":{"start":{"line":57,"column":8},"end":{"line":57,"column":9}},"loc":{"start":{"line":57,"column":14},"end":{"line":57,"column":33}},"line":57},"3":{"name":"(anonymous_3)","decl":{"start":{"line":68,"column":13},"end":{"line":68,"column":14}},"loc":{"start":{"line":68,"column":27},"end":{"line":73,"column":1}},"line":68}},"branchMap":{"0":{"loc":{"start":{"line":27,"column":6},"end":{"line":29,"column":7}},"type":"if","locations":[{"start":{"line":27,"column":6},"end":{"line":29,"column":7}},{"start":{},"end":{}}],"line":27},"1":{"loc":{"start":{"line":27,"column":10},"end":{"line":27,"column":52}},"type":"binary-expr","locations":[{"start":{"line":27,"column":10},"end":{"line":27,"column":17}},{"start":{"line":27,"column":21},"end":{"line":27,"column":52}}],"line":27},"2":{"loc":{"start":{"line":43,"column":0},"end":{"line":45,"column":1}},"type":"if","locations":[{"start":{"line":43,"column":0},"end":{"line":45,"column":1}},{"start":{},"end":{}}],"line":43}},"s":{"0":5,"1":5,"2":5,"3":5,"4":5,"5":5,"6":5,"7":5,"8":5,"9":5,"10":5,"11":5,"12":5,"13":7,"14":5,"15":20,"16":19,"17":1,"18":5,"19":5,"20":5,"21":5,"22":1,"23":5,"24":8,"25":5,"26":5,"27":5,"28":5,"29":5,"30":5,"31":1,"32":5,"33":5,"34":5},"f":{"0":7,"1":20,"2":8,"3":1},"b":{"0":[19,1],"1":[20,2],"2":[1,4]},"_coverageSchema":"1a1c01bbd47fc00a2c39e90264f33305004495a9","hash":"ac3a9dad7f821a9e3a7719ac6d4bada1add26c67"}
,"C:\\Users\\Lenovo\\Desktop\\MediQ\\Backend\\src\\config\\env.js": {"path":"C:\\Users\\Lenovo\\Desktop\\MediQ\\Backend\\src\\config\\env.js","statementMap":{"0":{"start":{"line":1,"column":0},"end":{"line":1,"column":27}},"1":{"start":{"line":3,"column":21},"end":{"line":3,"column":50}},"2":{"start":{"line":5,"column":0},"end":{"line":10,"column":3}},"3":{"start":{"line":6,"column":2},"end":{"line":9,"column":3}},"4":{"start":{"line":7,"column":4},"end":{"line":7,"column":79}},"5":{"start":{"line":8,"column":4},"end":{"line":8,"column":20}},"6":{"start":{"line":13,"column":0},"end":{"line":19,"column":1}},"7":{"start":{"line":17,"column":2},"end":{"line":17,"column":93}},"8":{"start":{"line":18,"column":2},"end":{"line":18,"column":18}},"9":{"start":{"line":21,"column":0},"end":{"line":36,"column":2}}},"fnMap":{"0":{"name":"(anonymous_0)","decl":{"start":{"line":5,"column":21},"end":{"line":5,"column":22}},"loc":{"start":{"line":5,"column":34},"end":{"line":10,"column":1}},"line":5}},"branchMap":{"0":{"loc":{"start":{"line":6,"column":2},"end":{"line":9,"column":3}},"type":"if","locations":[{"start":{"line":6,"column":2},"end":{"line":9,"column":3}},{"start":{},"end":{}}],"line":6},"1":{"loc":{"start":{"line":13,"column":0},"end":{"line":19,"column":1}},"type":"if","locations":[{"start":{"line":13,"column":0},"end":{"line":19,"column":1}},{"start":{},"end":{}}],"line":13},"2":{"loc":{"start":{"line":14,"column":2},"end":{"line":15,"column":36}},"type":"binary-expr","locations":[{"start":{"line":14,"column":2},"end":{"line":14,"column":39}},{"start":{"line":15,"column":2},"end":{"line":15,"column":36}}],"line":14},"3":{"loc":{"start":{"line":22,"column":8},"end":{"line":22,"column":32}},"type":"binary-expr","locations":[{"start":{"line":22,"column":8},"end":{"line":22,"column":24}},{"start":{"line":22,"column":28},"end":{"line":22,"column":32}}],"line":22},"4":{"loc":{"start":{"line":23,"column":12},"end":{"line":23,"column":49}},"type":"binary-expr","locations":[{"start":{"line":23,"column":12},"end":{"line":23,"column":32}},{"start":{"line":23,"column":36},"end":{"line":23,"column":49}}],"line":23},"5":{"loc":{"start":{"line":28,"column":18},"end":{"line":28,"column":52}},"type":"binary-expr","locations":[{"start":{"line":28,"column":18},"end":{"line":28,"column":44}},{"start":{"line":28,"column":48},"end":{"line":28,"column":52}}],"line":28},"6":{"loc":{"start":{"line":30,"column":15},"end":{"line":30,"column":49}},"type":"binary-expr","locations":[{"start":{"line":30,"column":15},"end":{"line":30,"column":38}},{"start":{"line":30,"column":42},"end":{"line":30,"column":49}}],"line":30},"7":{"loc":{"start":{"line":31,"column":18},"end":{"line":31,"column":81}},"type":"binary-expr","locations":[{"start":{"line":31,"column":18},"end":{"line":31,"column":54}},{"start":{"line":31,"column":58},"end":{"line":31,"column":81}}],"line":31},"8":{"loc":{"start":{"line":34,"column":4},"end":{"line":35,"column":49}},"type":"binary-expr","locations":[{"start":{"line":34,"column":4},"end":{"line":34,"column":27}},{"start":{"line":35,"column":4},"end":{"line":35,"column":49}}],"line":34}},"s":{"0":9,"1":9,"2":9,"3":17,"4":1,"5":1,"6":8,"7":1,"8":1,"9":7},"f":{"0":17},"b":{"0":[1,16],"1":[1,7],"2":[8,1],"3":[7,4],"4":[7,1],"5":[7,4],"6":[7,4],"7":[7,4],"8":[7,2]},"_coverageSchema":"1a1c01bbd47fc00a2c39e90264f33305004495a9","hash":"506bb51ec33935291184b28cbcfdb64a535e01be"}
,"C:\\Users\\Lenovo\\Desktop\\MediQ\\Backend\\src\\controllers\\appointment.controller.js": {"path":"C:\\Users\\Lenovo\\Desktop\\MediQ\\Backend\\src\\controllers\\appointment.controller.js","statementMap":{"0":{"start":{"line":1,"column":20},"end":{"line":1,"column":52}},"1":{"start":{"line":2,"column":15},"end":{"line":2,"column":42}},"2":{"start":{"line":3,"column":52},"end":{"line":3,"column":80}},"3":{"start":{"line":4,"column":27},"end":{"line":4,"column":57}},"4":{"start":{"line":7,"column":24},"end":{"line":36,"column":1}},"5":{"start":{"line":8,"column":2},"end":{"line":35,"column":3}},"6":{"start":{"line":9,"column":19},"end":{"line":9,"column":21}},"7":{"start":{"line":10,"column":4},"end":{"line":16,"column":5}},"8":{"start":{"line":11,"column":6},"end":{"line":11,"column":38}},"9":{"start":{"line":12,"column":11},"end":{"line":16,"column":5}},"10":{"start":{"line":13,"column":21},"end":{"line":13,"column":66}},"11":{"start":{"line":14,"column":6},"end":{"line":14,"column":100}},"12":{"start":{"line":14,"column":19},"end":{"line":14,"column":100}},"13":{"start":{"line":15,"column":6},"end":{"line":15,"column":35}},"14":{"start":{"line":18,"column":17},"end":{"line":18,"column":46}},"15":{"start":{"line":19,"column":18},"end":{"line":19,"column":49}},"16":{"start":{"line":20,"column":17},"end":{"line":20,"column":35}},"17":{"start":{"line":22,"column":34},"end":{"line":30,"column":6}},"18":{"start":{"line":32,"column":4},"end":{"line":32,"column":57}},"19":{"start":{"line":34,"column":4},"end":{"line":34,"column":16}},"20":{"start":{"line":39,"column":27},"end":{"line":55,"column":1}},"21":{"start":{"line":40,"column":2},"end":{"line":54,"column":3}},"22":{"start":{"line":41,"column":24},"end":{"line":43,"column":50}},"23":{"start":{"line":45,"column":4},"end":{"line":45,"column":101}},"24":{"start":{"line":45,"column":22},"end":{"line":45,"column":101}},"25":{"start":{"line":47,"column":4},"end":{"line":49,"column":5}},"26":{"start":{"line":48,"column":6},"end":{"line":48,"column":82}},"27":{"start":{"line":51,"column":4},"end":{"line":51,"column":34}},"28":{"start":{"line":53,"column":4},"end":{"line":53,"column":16}},"29":{"start":{"line":58,"column":26},"end":{"line":88,"column":1}},"30":{"start":{"line":59,"column":2},"end":{"line":87,"column":3}},"31":{"start":{"line":60,"column":44},"end":{"line":60,"column":52}},"32":{"start":{"line":62,"column":29},"end":{"line":62,"column":51}},"33":{"start":{"line":63,"column":4},"end":{"line":63,"column":116}},"34":{"start":{"line":63,"column":33},"end":{"line":63,"column":116}},"35":{"start":{"line":65,"column":19},"end":{"line":65,"column":50}},"36":{"start":{"line":66,"column":4},"end":{"line":66,"column":98}},"37":{"start":{"line":66,"column":17},"end":{"line":66,"column":98}},"38":{"start":{"line":68,"column":19},"end":{"line":72,"column":6}},"39":{"start":{"line":73,"column":4},"end":{"line":73,"column":119}},"40":{"start":{"line":73,"column":16},"end":{"line":73,"column":119}},"41":{"start":{"line":75,"column":23},"end":{"line":75,"column":34}},"42":{"start":{"line":77,"column":24},"end":{"line":82,"column":6}},"43":{"start":{"line":84,"column":4},"end":{"line":84,"column":34}},"44":{"start":{"line":86,"column":4},"end":{"line":86,"column":16}},"45":{"start":{"line":91,"column":32},"end":{"line":113,"column":1}},"46":{"start":{"line":92,"column":2},"end":{"line":112,"column":3}},"47":{"start":{"line":93,"column":4},"end":{"line":95,"column":5}},"48":{"start":{"line":94,"column":6},"end":{"line":94,"column":80}},"49":{"start":{"line":97,"column":23},"end":{"line":97,"column":31}},"50":{"start":{"line":98,"column":27},"end":{"line":98,"column":81}},"51":{"start":{"line":99,"column":4},"end":{"line":99,"column":118}},"52":{"start":{"line":99,"column":42},"end":{"line":99,"column":118}},"53":{"start":{"line":101,"column":24},"end":{"line":105,"column":5}},"54":{"start":{"line":107,"column":4},"end":{"line":107,"column":101}},"55":{"start":{"line":107,"column":22},"end":{"line":107,"column":101}},"56":{"start":{"line":109,"column":4},"end":{"line":109,"column":56}},"57":{"start":{"line":111,"column":4},"end":{"line":111,"column":16}},"58":{"start":{"line":116,"column":26},"end":{"line":126,"column":1}},"59":{"start":{"line":117,"column":2},"end":{"line":125,"column":3}},"60":{"start":{"line":118,"column":24},"end":{"line":118,"column":74}},"61":{"start":{"line":120,"column":4},"end":{"line":120,"column":101}},"62":{"start":{"line":120,"column":22},"end":{"line":120,"column":101}},"63":{"start":{"line":122,"column":4},"end":{"line":122,"column":59}},"64":{"start":{"line":124,"column":4},"end":{"line":124,"column":16}},"65":{"start":{"line":128,"column":0},"end":{"line":128,"column":120}}},"fnMap":{"0":{"name":"(anonymous_0)","decl":{"start":{"line":7,"column":24},"end":{"line":7,"column":25}},"loc":{"start":{"line":7,"column":50},"end":{"line":36,"column":1}},"line":7},"1":{"name":"(anonymous_1)","decl":{"start":{"line":39,"column":27},"end":{"line":39,"column":28}},"loc":{"start":{"line":39,"column":53},"end":{"line":55,"column":1}},"line":39},"2":{"name":"(anonymous_2)","decl":{"start":{"line":58,"column":26},"end":{"line":58,"column":27}},"loc":{"start":{"line":58,"column":52},"end":{"line":88,"column":1}},"line":58},"3":{"name":"(anonymous_3)","decl":{"start":{"line":91,"column":32},"end":{"line":91,"column":33}},"loc":{"start":{"line":91,"column":58},"end":{"line":113,"column":1}},"line":91},"4":{"name":"(anonymous_4)","decl":{"start":{"line":116,"column":26},"end":{"line":116,"column":27}},"loc":{"start":{"line":116,"column":52},"end":{"line":126,"column":1}},"line":116}},"branchMap":{"0":{"loc":{"start":{"line":10,"column":4},"end":{"line":16,"column":5}},"type":"if","locations":[{"start":{"line":10,"column":4},"end":{"line":16,"column":5}},{"start":{"line":12,"column":11},"end":{"line":16,"column":5}}],"line":10},"1":{"loc":{"start":{"line":12,"column":11},"end":{"line":16,"column":5}},"type":"if","locations":[{"start":{"line":12,"column":11},"end":{"line":16,"column":5}},{"start":{},"end":{}}],"line":12},"2":{"loc":{"start":{"line":14,"column":6},"end":{"line":14,"column":100}},"type":"if","locations":[{"start":{"line":14,"column":6},"end":{"line":14,"column":100}},{"start":{},"end":{}}],"line":14},"3":{"loc":{"start":{"line":18,"column":17},"end":{"line":18,"column":46}},"type":"binary-expr","locations":[{"start":{"line":18,"column":17},"end":{"line":18,"column":41}},{"start":{"line":18,"column":45},"end":{"line":18,"column":46}}],"line":18},"4":{"loc":{"start":{"line":19,"column":18},"end":{"line":19,"column":49}},"type":"binary-expr","locations":[{"start":{"line":19,"column":18},"end":{"line":19,"column":43}},{"start":{"line":19,"column":47},"end":{"line":19,"column":49}}],"line":19},"5":{"loc":{"start":{"line":45,"column":4},"end":{"line":45,"column":101}},"type":"if","locations":[{"start":{"line":45,"column":4},"end":{"line":45,"column":101}},{"start":{},"end":{}}],"line":45},"6":{"loc":{"start":{"line":47,"column":4},"end":{"line":49,"column":5}},"type":"if","locations":[{"start":{"line":47,"column":4},"end":{"line":49,"column":5}},{"start":{},"end":{}}],"line":47},"7":{"loc":{"start":{"line":47,"column":8},"end":{"line":47,"column":92}},"type":"binary-expr","locations":[{"start":{"line":47,"column":8},"end":{"line":47,"column":35}},{"start":{"line":47,"column":39},"end":{"line":47,"column":92}}],"line":47},"8":{"loc":{"start":{"line":63,"column":4},"end":{"line":63,"column":116}},"type":"if","locations":[{"start":{"line":63,"column":4},"end":{"line":63,"column":116}},{"start":{},"end":{}}],"line":63},"9":{"loc":{"start":{"line":66,"column":4},"end":{"line":66,"column":98}},"type":"if","locations":[{"start":{"line":66,"column":4},"end":{"line":66,"column":98}},{"start":{},"end":{}}],"line":66},"10":{"loc":{"start":{"line":73,"column":4},"end":{"line":73,"column":119}},"type":"if","locations":[{"start":{"line":73,"column":4},"end":{"line":73,"column":119}},{"start":{},"end":{}}],"line":73},"11":{"loc":{"start":{"line":93,"column":4},"end":{"line":95,"column":5}},"type":"if","locations":[{"start":{"line":93,"column":4},"end":{"line":95,"column":5}},{"start":{},"end":{}}],"line":93},"12":{"loc":{"start":{"line":99,"column":4},"end":{"line":99,"column":118}},"type":"if","locations":[{"start":{"line":99,"column":4},"end":{"line":99,"column":118}},{"start":{},"end":{}}],"line":99},"13":{"loc":{"start":{"line":107,"column":4},"end":{"line":107,"column":101}},"type":"if","locations":[{"start":{"line":107,"column":4},"end":{"line":107,"column":101}},{"start":{},"end":{}}],"line":107},"14":{"loc":{"start":{"line":120,"column":4},"end":{"line":120,"column":101}},"type":"if","locations":[{"start":{"line":120,"column":4},"end":{"line":120,"column":101}},{"start":{},"end":{}}],"line":120}},"s":{"0":3,"1":3,"2":3,"3":3,"4":3,"5":5,"6":5,"7":5,"8":4,"9":1,"10":1,"11":1,"12":1,"13":0,"14":4,"15":4,"16":4,"17":4,"18":4,"19":0,"20":3,"21":2,"22":2,"23":2,"24":1,"25":1,"26":1,"27":0,"28":0,"29":3,"30":5,"31":5,"32":5,"33":5,"34":1,"35":4,"36":4,"37":1,"38":3,"39":3,"40":2,"41":1,"42":1,"43":1,"44":0,"45":3,"46":4,"47":4,"48":1,"49":3,"50":3,"51":3,"52":1,"53":2,"54":2,"55":1,"56":1,"57":0,"58":3,"59":2,"60":2,"61":2,"62":1,"63":1,"64":0,"65":3},"f":{"0":5,"1":2,"2":5,"3":4,"4":2},"b":{"0":[4,1],"1":[1,0],"2":[1,0],"3":[4,4],"4":[4,4],"5":[1,1],"6":[1,0],"7":[1,1],"8":[1,4],"9":[1,3],"10":[2,1],"11":[1,3],"12":[1,2],"13":[1,1],"14":[1,1]},"_coverageSchema":"1a1c01bbd47fc00a2c39e90264f33305004495a9","hash":"76da5e04e4c08dc583f5e5c36408de080c703520"}
,"C:\\Users\\Lenovo\\Desktop\\MediQ\\Backend\\src\\controllers\\doctor.controller.js": {"path":"C:\\Users\\Lenovo\\Desktop\\MediQ\\Backend\\src\\controllers\\doctor.controller.js","statementMap":{"0":{"start":{"line":1,"column":15},"end":{"line":1,"column":42}},"1":{"start":{"line":2,"column":13},"end":{"line":2,"column":38}},"2":{"start":{"line":7,"column":4},"end":{"line":7,"column":32}},"3":{"start":{"line":10,"column":19},"end":{"line":32,"column":1}},"4":{"start":{"line":11,"column":2},"end":{"line":31,"column":3}},"5":{"start":{"line":12,"column":19},"end":{"line":14,"column":10}},"6":{"start":{"line":16,"column":17},"end":{"line":16,"column":46}},"7":{"start":{"line":17,"column":18},"end":{"line":17,"column":49}},"8":{"start":{"line":18,"column":17},"end":{"line":18,"column":35}},"9":{"start":{"line":20,"column":29},"end":{"line":26,"column":6}},"10":{"start":{"line":28,"column":4},"end":{"line":28,"column":52}},"11":{"start":{"line":30,"column":4},"end":{"line":30,"column":16}},"12":{"start":{"line":35,"column":22},"end":{"line":52,"column":1}},"13":{"start":{"line":36,"column":2},"end":{"line":51,"column":3}},"14":{"start":{"line":37,"column":19},"end":{"line":40,"column":5}},"15":{"start":{"line":42,"column":4},"end":{"line":46,"column":5}},"16":{"start":{"line":43,"column":6},"end":{"line":45,"column":67}},"17":{"start":{"line":48,"column":4},"end":{"line":48,"column":29}},"18":{"start":{"line":50,"column":4},"end":{"line":50,"column":16}},"19":{"start":{"line":55,"column":21},"end":{"line":89,"column":1}},"20":{"start":{"line":56,"column":2},"end":{"line":88,"column":3}},"21":{"start":{"line":58,"column":6},"end":{"line":58,"column":14}},"22":{"start":{"line":60,"column":17},"end":{"line":60,"column":44}},"23":{"start":{"line":62,"column":4},"end":{"line":67,"column":5}},"24":{"start":{"line":63,"column":6},"end":{"line":66,"column":9}},"25":{"start":{"line":70,"column":19},"end":{"line":70,"column":51}},"26":{"start":{"line":71,"column":4},"end":{"line":76,"column":5}},"27":{"start":{"line":72,"column":6},"end":{"line":75,"column":9}},"28":{"start":{"line":78,"column":19},"end":{"line":83,"column":6}},"29":{"start":{"line":85,"column":4},"end":{"line":85,"column":29}},"30":{"start":{"line":87,"column":4},"end":{"line":87,"column":16}},"31":{"start":{"line":92,"column":21},"end":{"line":115,"column":1}},"32":{"start":{"line":93,"column":2},"end":{"line":114,"column":3}},"33":{"start":{"line":94,"column":19},"end":{"line":94,"column":55}},"34":{"start":{"line":96,"column":4},"end":{"line":100,"column":5}},"35":{"start":{"line":97,"column":6},"end":{"line":99,"column":67}},"36":{"start":{"line":103,"column":61},"end":{"line":103,"column":69}},"37":{"start":{"line":105,"column":26},"end":{"line":109,"column":5}},"38":{"start":{"line":111,"column":4},"end":{"line":111,"column":36}},"39":{"start":{"line":113,"column":4},"end":{"line":113,"column":16}},"40":{"start":{"line":118,"column":21},"end":{"line":134,"column":1}},"41":{"start":{"line":119,"column":2},"end":{"line":133,"column":3}},"42":{"start":{"line":120,"column":19},"end":{"line":120,"column":55}},"43":{"start":{"line":122,"column":4},"end":{"line":126,"column":5}},"44":{"start":{"line":123,"column":6},"end":{"line":125,"column":67}},"45":{"start":{"line":128,"column":4},"end":{"line":128,"column":50}},"46":{"start":{"line":130,"column":4},"end":{"line":130,"column":61}},"47":{"start":{"line":132,"column":4},"end":{"line":132,"column":16}},"48":{"start":{"line":136,"column":0},"end":{"line":142,"column":2}}},"fnMap":{"0":{"name":"(anonymous_0)","decl":{"start":{"line":10,"column":19},"end":{"line":10,"column":20}},"loc":{"start":{"line":10,"column":45},"end":{"line":32,"column":1}},"line":10},"1":{"name":"(anonymous_1)","decl":{"start":{"line":35,"column":22},"end":{"line":35,"column":23}},"loc":{"start":{"line":35,"column":48},"end":{"line":52,"column":1}},"line":35},"2":{"name":"(anonymous_2)","decl":{"start":{"line":55,"column":21},"end":{"line":55,"column":22}},"loc":{"start":{"line":55,"column":47},"end":{"line":89,"column":1}},"line":55},"3":{"name":"(anonymous_3)","decl":{"start":{"line":92,"column":21},"end":{"line":92,"column":22}},"loc":{"start":{"line":92,"column":47},"end":{"line":115,"column":1}},"line":92},"4":{"name":"(anonymous_4)","decl":{"start":{"line":118,"column":21},"end":{"line":118,"column":22}},"loc":{"start":{"line":118,"column":47},"end":{"line":134,"column":1}},"line":118}},"branchMap":{"0":{"loc":{"start":{"line":12,"column":19},"end":{"line":14,"column":10}},"type":"cond-expr","locations":[{"start":{"line":13,"column":8},"end":{"line":13,"column":48}},{"start":{"line":14,"column":8},"end":{"line":14,"column":10}}],"line":12},"1":{"loc":{"start":{"line":16,"column":17},"end":{"line":16,"column":46}},"type":"binary-expr","locations":[{"start":{"line":16,"column":17},"end":{"line":16,"column":41}},{"start":{"line":16,"column":45},"end":{"line":16,"column":46}}],"line":16},"2":{"loc":{"start":{"line":17,"column":18},"end":{"line":17,"column":49}},"type":"binary-expr","locations":[{"start":{"line":17,"column":18},"end":{"line":17,"column":43}},{"start":{"line":17,"column":47},"end":{"line":17,"column":49}}],"line":17},"3":{"loc":{"start":{"line":42,"column":4},"end":{"line":46,"column":5}},"type":"if","locations":[{"start":{"line":42,"column":4},"end":{"line":46,"column":5}},{"start":{},"end":{}}],"line":42},"4":{"loc":{"start":{"line":62,"column":4},"end":{"line":67,"column":5}},"type":"if","locations":[{"start":{"line":62,"column":4},"end":{"line":67,"column":5}},{"start":{},"end":{}}],"line":62},"5":{"loc":{"start":{"line":62,"column":8},"end":{"line":62,"column":38}},"type":"binary-expr","locations":[{"start":{"line":62,"column":8},"end":{"line":62,"column":13}},{"start":{"line":62,"column":17},"end":{"line":62,"column":38}}],"line":62},"6":{"loc":{"start":{"line":71,"column":4},"end":{"line":76,"column":5}},"type":"if","locations":[{"start":{"line":71,"column":4},"end":{"line":76,"column":5}},{"start":{},"end":{}}],"line":71},"7":{"loc":{"start":{"line":82,"column":22},"end":{"line":82,"column":42}},"type":"binary-expr","locations":[{"start":{"line":82,"column":22},"end":{"line":82,"column":36}},{"start":{"line":82,"column":40},"end":{"line":82,"column":42}}],"line":82},"8":{"loc":{"start":{"line":96,"column":4},"end":{"line":100,"column":5}},"type":"if","locations":[{"start":{"line":96,"column":4},"end":{"line":100,"column":5}},{"start":{},"end":{}}],"line":96},"9":{"loc":{"start":{"line":122,"column":4},"end":{"line":126,"column":5}},"type":"if","locations":[{"start":{"line":122,"column":4},"end":{"line":126,"column":5}},{"start":{},"end":{}}],"line":122}},"s":{"0":3,"1":3,"2":3,"3":3,"4":2,"5":2,"6":2,"7":2,"8":2,"9":2,"10":1,"11":1,"12":3,"13":2,"14":2,"15":2,"16":1,"17":1,"18":0,"19":3,"20":3,"21":3,"22":3,"23":3,"24":1,"25":2,"26":2,"27":1,"28":1,"29":1,"30":0,"31":3,"32":2,"33":2,"34":2,"35":1,"36":1,"37":1,"38":1,"39":0,"40":3,"41":2,"42":2,"43":2,"44":1,"45":1,"46":1,"47":0,"48":3},"f":{"0":2,"1":2,"2":3,"3":2,"4":2},"b":{"0":[0,2],"1":[2,2],"2":[2,2],"3":[1,1],"4":[1,2],"5":[3,2],"6":[1,1],"7":[1,0],"8":[1,1],"9":[1,1]},"_coverageSchema":"1a1c01bbd47fc00a2c39e90264f33305004495a9","hash":"2a160391bb9fd1d149c2fcb219d17cb63c356fad"}
,"C:\\Users\\Lenovo\\Desktop\\MediQ\\Backend\\src\\controllers\\report.controller.js": {"path":"C:\\Users\\Lenovo\\Desktop\\MediQ\\Backend\\src\\controllers\\report.controller.js","statementMap":{"0":{"start":{"line":1,"column":20},"end":{"line":1,"column":52}},"1":{"start":{"line":2,"column":39},"end":{"line":2,"column":67}},"2":{"start":{"line":5,"column":21},"end":{"line":20,"column":1}},"3":{"start":{"line":6,"column":2},"end":{"line":19,"column":3}},"4":{"start":{"line":7,"column":17},"end":{"line":14,"column":6}},"5":{"start":{"line":16,"column":4},"end":{"line":16,"column":27}},"6":{"start":{"line":18,"column":4},"end":{"line":18,"column":16}},"7":{"start":{"line":23,"column":26},"end":{"line":47,"column":1}},"8":{"start":{"line":24,"column":2},"end":{"line":46,"column":3}},"9":{"start":{"line":25,"column":17},"end":{"line":41,"column":6}},"10":{"start":{"line":43,"column":4},"end":{"line":43,"column":27}},"11":{"start":{"line":45,"column":4},"end":{"line":45,"column":16}},"12":{"start":{"line":49,"column":21},"end":{"line":81,"column":1}},"13":{"start":{"line":50,"column":2},"end":{"line":80,"column":3}},"14":{"start":{"line":51,"column":28},"end":{"line":51,"column":37}},"15":{"start":{"line":53,"column":19},"end":{"line":58,"column":5}},"16":{"start":{"line":60,"column":17},"end":{"line":60,"column":46}},"17":{"start":{"line":61,"column":18},"end":{"line":61,"column":49}},"18":{"start":{"line":62,"column":17},"end":{"line":62,"column":35}},"19":{"start":{"line":64,"column":27},"end":{"line":75,"column":6}},"20":{"start":{"line":77,"column":4},"end":{"line":77,"column":50}},"21":{"start":{"line":79,"column":4},"end":{"line":79,"column":16}},"22":{"start":{"line":83,"column":0},"end":{"line":87,"column":2}}},"fnMap":{"0":{"name":"(anonymous_0)","decl":{"start":{"line":5,"column":21},"end":{"line":5,"column":22}},"loc":{"start":{"line":5,"column":47},"end":{"line":20,"column":1}},"line":5},"1":{"name":"(anonymous_1)","decl":{"start":{"line":23,"column":26},"end":{"line":23,"column":27}},"loc":{"start":{"line":23,"column":52},"end":{"line":47,"column":1}},"line":23},"2":{"name":"(anonymous_2)","decl":{"start":{"line":49,"column":21},"end":{"line":49,"column":22}},"loc":{"start":{"line":49,"column":47},"end":{"line":81,"column":1}},"line":49}},"branchMap":{"0":{"loc":{"start":{"line":60,"column":17},"end":{"line":60,"column":46}},"type":"binary-expr","locations":[{"start":{"line":60,"column":17},"end":{"line":60,"column":41}},{"start":{"line":60,"column":45},"end":{"line":60,"column":46}}],"line":60},"1":{"loc":{"start":{"line":61,"column":18},"end":{"line":61,"column":49}},"type":"binary-expr","locations":[{"start":{"line":61,"column":18},"end":{"line":61,"column":43}},{"start":{"line":61,"column":47},"end":{"line":61,"column":49}}],"line":61}},"s":{"0":3,"1":3,"2":3,"3":2,"4":2,"5":1,"6":1,"7":3,"8":2,"9":2,"10":1,"11":1,"12":3,"13":2,"14":2,"15":2,"16":2,"17":2,"18":2,"19":2,"20":1,"21":1,"22":3},"f":{"0":2,"1":2,"2":2},"b":{"0":[2,0],"1":[2,0]},"_coverageSchema":"1a1c01bbd47fc00a2c39e90264f33305004495a9","hash":"a174bf43e15538c7ae4a97220413e7886bb44d99"}
,"C:\\Users\\Lenovo\\Desktop\\MediQ\\Backend\\src\\controllers\\user.controller.js": {"path":"C:\\Users\\Lenovo\\Desktop\\MediQ\\Backend\\src\\controllers\\user.controller.js","statementMap":{"0":{"start":{"line":1,"column":13},"end":{"line":1,"column":38}},"1":{"start":{"line":2,"column":39},"end":{"line":2,"column":67}},"2":{"start":{"line":5,"column":17},"end":{"line":20,"column":1}},"3":{"start":{"line":6,"column":2},"end":{"line":19,"column":3}},"4":{"start":{"line":7,"column":17},"end":{"line":7,"column":46}},"5":{"start":{"line":8,"column":18},"end":{"line":8,"column":49}},"6":{"start":{"line":9,"column":17},"end":{"line":9,"column":35}},"7":{"start":{"line":11,"column":27},"end":{"line":14,"column":6}},"8":{"start":{"line":16,"column":4},"end":{"line":16,"column":50}},"9":{"start":{"line":18,"column":4},"end":{"line":18,"column":16}},"10":{"start":{"line":23,"column":20},"end":{"line":33,"column":1}},"11":{"start":{"line":24,"column":2},"end":{"line":32,"column":3}},"12":{"start":{"line":25,"column":17},"end":{"line":25,"column":51}},"13":{"start":{"line":26,"column":4},"end":{"line":28,"column":5}},"14":{"start":{"line":27,"column":6},"end":{"line":27,"column":88}},"15":{"start":{"line":29,"column":4},"end":{"line":29,"column":27}},"16":{"start":{"line":31,"column":4},"end":{"line":31,"column":16}},"17":{"start":{"line":36,"column":19},"end":{"line":54,"column":1}},"18":{"start":{"line":37,"column":2},"end":{"line":53,"column":3}},"19":{"start":{"line":38,"column":30},"end":{"line":38,"column":38}},"20":{"start":{"line":40,"column":17},"end":{"line":44,"column":5}},"21":{"start":{"line":46,"column":4},"end":{"line":48,"column":5}},"22":{"start":{"line":47,"column":6},"end":{"line":47,"column":88}},"23":{"start":{"line":50,"column":4},"end":{"line":50,"column":27}},"24":{"start":{"line":52,"column":4},"end":{"line":52,"column":16}},"25":{"start":{"line":57,"column":19},"end":{"line":67,"column":1}},"26":{"start":{"line":58,"column":2},"end":{"line":66,"column":3}},"27":{"start":{"line":59,"column":17},"end":{"line":59,"column":60}},"28":{"start":{"line":60,"column":4},"end":{"line":62,"column":5}},"29":{"start":{"line":61,"column":6},"end":{"line":61,"column":88}},"30":{"start":{"line":63,"column":4},"end":{"line":63,"column":62}},"31":{"start":{"line":65,"column":4},"end":{"line":65,"column":16}},"32":{"start":{"line":69,"column":0},"end":{"line":69,"column":67}}},"fnMap":{"0":{"name":"(anonymous_0)","decl":{"start":{"line":5,"column":17},"end":{"line":5,"column":18}},"loc":{"start":{"line":5,"column":43},"end":{"line":20,"column":1}},"line":5},"1":{"name":"(anonymous_1)","decl":{"start":{"line":23,"column":20},"end":{"line":23,"column":21}},"loc":{"start":{"line":23,"column":46},"end":{"line":33,"column":1}},"line":23},"2":{"name":"(anonymous_2)","decl":{"start":{"line":36,"column":19},"end":{"line":36,"column":20}},"loc":{"start":{"line":36,"column":45},"end":{"line":54,"column":1}},"line":36},"3":{"name":"(anonymous_3)","decl":{"start":{"line":57,"column":19},"end":{"line":57,"column":20}},"loc":{"start":{"line":57,"column":45},"end":{"line":67,"column":1}},"line":57}},"branchMap":{"0":{"loc":{"start":{"line":7,"column":17},"end":{"line":7,"column":46}},"type":"binary-expr","locations":[{"start":{"line":7,"column":17},"end":{"line":7,"column":41}},{"start":{"line":7,"column":45},"end":{"line":7,"column":46}}],"line":7},"1":{"loc":{"start":{"line":8,"column":18},"end":{"line":8,"column":49}},"type":"binary-expr","locations":[{"start":{"line":8,"column":18},"end":{"line":8,"column":43}},{"start":{"line":8,"column":47},"end":{"line":8,"column":49}}],"line":8},"2":{"loc":{"start":{"line":26,"column":4},"end":{"line":28,"column":5}},"type":"if","locations":[{"start":{"line":26,"column":4},"end":{"line":28,"column":5}},{"start":{},"end":{}}],"line":26},"3":{"loc":{"start":{"line":46,"column":4},"end":{"line":48,"column":5}},"type":"if","locations":[{"start":{"line":46,"column":4},"end":{"line":48,"column":5}},{"start":{},"end":{}}],"line":46},"4":{"loc":{"start":{"line":60,"column":4},"end":{"line":62,"column":5}},"type":"if","locations":[{"start":{"line":60,"column":4},"end":{"line":62,"column":5}},{"start":{},"end":{}}],"line":60}},"s":{"0":3,"1":3,"2":3,"3":1,"4":1,"5":1,"6":1,"7":1,"8":1,"9":0,"10":3,"11":2,"12":2,"13":2,"14":1,"15":1,"16":0,"17":3,"18":2,"19":2,"20":2,"21":2,"22":1,"23":1,"24":0,"25":3,"26":2,"27":2,"28":2,"29":1,"30":1,"31":0,"32":3},"f":{"0":1,"1":2,"2":2,"3":2},"b":{"0":[1,1],"1":[1,1],"2":[1,1],"3":[1,1],"4":[1,1]},"_coverageSchema":"1a1c01bbd47fc00a2c39e90264f33305004495a9","hash":"8bd9d6af59c29cd28fcc0c17b149462d72600924"}
,"C:\\Users\\Lenovo\\Desktop\\MediQ\\Backend\\src\\controllers\\auth\\index.js": {"path":"C:\\Users\\Lenovo\\Desktop\\MediQ\\Backend\\src\\controllers\\auth\\index.js","statementMap":{"0":{"start":{"line":8,"column":21},"end":{"line":8,"column":53}},"1":{"start":{"line":9,"column":18},"end":{"line":9,"column":47}},"2":{"start":{"line":10,"column":26},"end":{"line":10,"column":57}},"3":{"start":{"line":12,"column":0},"end":{"line":12,"column":52}}},"fnMap":{},"branchMap":{},"s":{"0":2,"1":2,"2":2,"3":2},"f":{},"b":{},"_coverageSchema":"1a1c01bbd47fc00a2c39e90264f33305004495a9","hash":"224280610db958fae8b14dc1bd886efcf045b095"}
,"C:\\Users\\Lenovo\\Desktop\\MediQ\\Backend\\src\\controllers\\auth\\login.controller.js": {"path":"C:\\Users\\Lenovo\\Desktop\\MediQ\\Backend\\src\\controllers\\auth\\login.controller.js","statementMap":{"0":{"start":{"line":1,"column":13},"end":{"line":1,"column":41}},"1":{"start":{"line":2,"column":43},"end":{"line":2,"column":69}},"2":{"start":{"line":3,"column":24},"end":{"line":3,"column":55}},"3":{"start":{"line":9,"column":14},"end":{"line":35,"column":1}},"4":{"start":{"line":10,"column":2},"end":{"line":34,"column":3}},"5":{"start":{"line":11,"column":34},"end":{"line":11,"column":42}},"6":{"start":{"line":13,"column":17},"end":{"line":13,"column":68}},"7":{"start":{"line":14,"column":4},"end":{"line":16,"column":5}},"8":{"start":{"line":15,"column":6},"end":{"line":15,"column":89}},"9":{"start":{"line":18,"column":19},"end":{"line":18,"column":60}},"10":{"start":{"line":19,"column":4},"end":{"line":21,"column":5}},"11":{"start":{"line":20,"column":6},"end":{"line":20,"column":89}},"12":{"start":{"line":23,"column":18},"end":{"line":23,"column":41}},"13":{"start":{"line":24,"column":4},"end":{"line":24,"column":32}},"14":{"start":{"line":26,"column":4},"end":{"line":31,"column":7}},"15":{"start":{"line":33,"column":4},"end":{"line":33,"column":16}},"16":{"start":{"line":37,"column":0},"end":{"line":37,"column":27}}},"fnMap":{"0":{"name":"(anonymous_0)","decl":{"start":{"line":9,"column":14},"end":{"line":9,"column":15}},"loc":{"start":{"line":9,"column":40},"end":{"line":35,"column":1}},"line":9}},"branchMap":{"0":{"loc":{"start":{"line":14,"column":4},"end":{"line":16,"column":5}},"type":"if","locations":[{"start":{"line":14,"column":4},"end":{"line":16,"column":5}},{"start":{},"end":{}}],"line":14},"1":{"loc":{"start":{"line":19,"column":4},"end":{"line":21,"column":5}},"type":"if","locations":[{"start":{"line":19,"column":4},"end":{"line":21,"column":5}},{"start":{},"end":{}}],"line":19}},"s":{"0":3,"1":3,"2":3,"3":3,"4":8,"5":8,"6":8,"7":8,"8":1,"9":7,"10":7,"11":2,"12":5,"13":5,"14":5,"15":0,"16":3},"f":{"0":8},"b":{"0":[1,7],"1":[2,5]},"_coverageSchema":"1a1c01bbd47fc00a2c39e90264f33305004495a9","hash":"d0621f23c642097d37575aa918d7579e77a25708"}
,"C:\\Users\\Lenovo\\Desktop\\MediQ\\Backend\\src\\controllers\\auth\\register.controller.js": {"path":"C:\\Users\\Lenovo\\Desktop\\MediQ\\Backend\\src\\controllers\\auth\\register.controller.js","statementMap":{"0":{"start":{"line":1,"column":13},"end":{"line":1,"column":41}},"1":{"start":{"line":2,"column":43},"end":{"line":2,"column":69}},"2":{"start":{"line":3,"column":24},"end":{"line":3,"column":55}},"3":{"start":{"line":9,"column":23},"end":{"line":9,"column":45}},"4":{"start":{"line":11,"column":17},"end":{"line":44,"column":1}},"5":{"start":{"line":12,"column":2},"end":{"line":43,"column":3}},"6":{"start":{"line":13,"column":47},"end":{"line":13,"column":55}},"7":{"start":{"line":16,"column":4},"end":{"line":21,"column":5}},"8":{"start":{"line":17,"column":6},"end":{"line":20,"column":9}},"9":{"start":{"line":23,"column":19},"end":{"line":23,"column":48}},"10":{"start":{"line":24,"column":4},"end":{"line":26,"column":5}},"11":{"start":{"line":25,"column":6},"end":{"line":25,"column":94}},"12":{"start":{"line":29,"column":21},"end":{"line":29,"column":68}},"13":{"start":{"line":30,"column":17},"end":{"line":30,"column":80}},"14":{"start":{"line":32,"column":18},"end":{"line":32,"column":41}},"15":{"start":{"line":33,"column":4},"end":{"line":33,"column":32}},"16":{"start":{"line":35,"column":4},"end":{"line":40,"column":7}},"17":{"start":{"line":42,"column":4},"end":{"line":42,"column":16}},"18":{"start":{"line":46,"column":0},"end":{"line":46,"column":30}}},"fnMap":{"0":{"name":"(anonymous_0)","decl":{"start":{"line":11,"column":17},"end":{"line":11,"column":18}},"loc":{"start":{"line":11,"column":43},"end":{"line":44,"column":1}},"line":11}},"branchMap":{"0":{"loc":{"start":{"line":16,"column":4},"end":{"line":21,"column":5}},"type":"if","locations":[{"start":{"line":16,"column":4},"end":{"line":21,"column":5}},{"start":{},"end":{}}],"line":16},"1":{"loc":{"start":{"line":16,"column":8},"end":{"line":16,"column":44}},"type":"binary-expr","locations":[{"start":{"line":16,"column":8},"end":{"line":16,"column":11}},{"start":{"line":16,"column":15},"end":{"line":16,"column":44}}],"line":16},"2":{"loc":{"start":{"line":24,"column":4},"end":{"line":26,"column":5}},"type":"if","locations":[{"start":{"line":24,"column":4},"end":{"line":26,"column":5}},{"start":{},"end":{}}],"line":24},"3":{"loc":{"start":{"line":29,"column":21},"end":{"line":29,"column":68}},"type":"cond-expr","locations":[{"start":{"line":29,"column":52},"end":{"line":29,"column":55}},{"start":{"line":29,"column":58},"end":{"line":29,"column":68}}],"line":29}},"s":{"0":3,"1":3,"2":3,"3":3,"4":3,"5":6,"6":6,"7":6,"8":1,"9":5,"10":5,"11":1,"12":4,"13":4,"14":4,"15":4,"16":4,"17":0,"18":3},"f":{"0":6},"b":{"0":[1,5],"1":[6,5],"2":[1,4],"3":[3,1]},"_coverageSchema":"1a1c01bbd47fc00a2c39e90264f33305004495a9","hash":"e3f8fc937231c8b7041dea9a4187cd408435ecf8"}
,"C:\\Users\\Lenovo\\Desktop\\MediQ\\Backend\\src\\controllers\\auth\\session.controller.js": {"path":"C:\\Users\\Lenovo\\Desktop\\MediQ\\Backend\\src\\controllers\\auth\\session.controller.js","statementMap":{"0":{"start":{"line":1,"column":29},"end":{"line":1,"column":55}},"1":{"start":{"line":2,"column":24},"end":{"line":2,"column":55}},"2":{"start":{"line":8,"column":15},"end":{"line":15,"column":1}},"3":{"start":{"line":9,"column":2},"end":{"line":14,"column":3}},"4":{"start":{"line":10,"column":4},"end":{"line":10,"column":26}},"5":{"start":{"line":11,"column":4},"end":{"line":11,"column":59}},"6":{"start":{"line":13,"column":4},"end":{"line":13,"column":16}},"7":{"start":{"line":21,"column":14},"end":{"line":27,"column":1}},"8":{"start":{"line":22,"column":2},"end":{"line":26,"column":3}},"9":{"start":{"line":23,"column":4},"end":{"line":23,"column":31}},"10":{"start":{"line":25,"column":4},"end":{"line":25,"column":16}},"11":{"start":{"line":29,"column":0},"end":{"line":29,"column":35}}},"fnMap":{"0":{"name":"(anonymous_0)","decl":{"start":{"line":8,"column":15},"end":{"line":8,"column":16}},"loc":{"start":{"line":8,"column":41},"end":{"line":15,"column":1}},"line":8},"1":{"name":"(anonymous_1)","decl":{"start":{"line":21,"column":14},"end":{"line":21,"column":15}},"loc":{"start":{"line":21,"column":40},"end":{"line":27,"column":1}},"line":21}},"branchMap":{},"s":{"0":3,"1":3,"2":3,"3":2,"4":2,"5":2,"6":0,"7":3,"8":2,"9":2,"10":0,"11":3},"f":{"0":2,"1":2},"b":{},"_coverageSchema":"1a1c01bbd47fc00a2c39e90264f33305004495a9","hash":"d411a350fc8c36063129efb9296dd2f9c8821417"}
,"C:\\Users\\Lenovo\\Desktop\\MediQ\\Backend\\src\\middlewares\\auth.middleware.js": {"path":"C:\\Users\\Lenovo\\Desktop\\MediQ\\Backend\\src\\middlewares\\auth.middleware.js","statementMap":{"0":{"start":{"line":1,"column":12},"end":{"line":1,"column":35}},"1":{"start":{"line":2,"column":13},"end":{"line":2,"column":38}},"2":{"start":{"line":3,"column":36},"end":{"line":3,"column":60}},"3":{"start":{"line":5,"column":21},"end":{"line":31,"column":1}},"4":{"start":{"line":6,"column":2},"end":{"line":30,"column":3}},"5":{"start":{"line":7,"column":18},"end":{"line":7,"column":44}},"6":{"start":{"line":9,"column":4},"end":{"line":11,"column":5}},"7":{"start":{"line":10,"column":6},"end":{"line":10,"column":104}},"8":{"start":{"line":13,"column":20},"end":{"line":13,"column":49}},"9":{"start":{"line":14,"column":17},"end":{"line":14,"column":70}},"10":{"start":{"line":16,"column":4},"end":{"line":18,"column":5}},"11":{"start":{"line":17,"column":6},"end":{"line":17,"column":105}},"12":{"start":{"line":20,"column":4},"end":{"line":20,"column":20}},"13":{"start":{"line":21,"column":4},"end":{"line":21,"column":11}},"14":{"start":{"line":23,"column":4},"end":{"line":25,"column":5}},"15":{"start":{"line":24,"column":6},"end":{"line":24,"column":82}},"16":{"start":{"line":26,"column":4},"end":{"line":28,"column":5}},"17":{"start":{"line":27,"column":6},"end":{"line":27,"column":108}},"18":{"start":{"line":29,"column":4},"end":{"line":29,"column":16}},"19":{"start":{"line":33,"column":0},"end":{"line":33,"column":34}}},"fnMap":{"0":{"name":"(anonymous_0)","decl":{"start":{"line":5,"column":21},"end":{"line":5,"column":22}},"loc":{"start":{"line":5,"column":47},"end":{"line":31,"column":1}},"line":5}},"branchMap":{"0":{"loc":{"start":{"line":9,"column":4},"end":{"line":11,"column":5}},"type":"if","locations":[{"start":{"line":9,"column":4},"end":{"line":11,"column":5}},{"start":{},"end":{}}],"line":9},"1":{"loc":{"start":{"line":16,"column":4},"end":{"line":18,"column":5}},"type":"if","locations":[{"start":{"line":16,"column":4},"end":{"line":18,"column":5}},{"start":{},"end":{}}],"line":16},"2":{"loc":{"start":{"line":23,"column":4},"end":{"line":25,"column":5}},"type":"if","locations":[{"start":{"line":23,"column":4},"end":{"line":25,"column":5}},{"start":{},"end":{}}],"line":23},"3":{"loc":{"start":{"line":26,"column":4},"end":{"line":28,"column":5}},"type":"if","locations":[{"start":{"line":26,"column":4},"end":{"line":28,"column":5}},{"start":{},"end":{}}],"line":26}},"s":{"0":3,"1":3,"2":3,"3":3,"4":14,"5":14,"6":14,"7":1,"8":13,"9":11,"10":11,"11":1,"12":10,"13":10,"14":2,"15":1,"16":1,"17":1,"18":0,"19":3},"f":{"0":14},"b":{"0":[1,13],"1":[1,10],"2":[1,1],"3":[1,0]},"_coverageSchema":"1a1c01bbd47fc00a2c39e90264f33305004495a9","hash":"68b02553f7927713a4b334da890d3aea3a456120"}
,"C:\\Users\\Lenovo\\Desktop\\MediQ\\Backend\\src\\middlewares\\error.middleware.js": {"path":"C:\\Users\\Lenovo\\Desktop\\MediQ\\Backend\\src\\middlewares\\error.middleware.js","statementMap":{"0":{"start":{"line":1,"column":21},"end":{"line":1,"column":45}},"1":{"start":{"line":7,"column":21},"end":{"line":34,"column":1}},"2":{"start":{"line":8,"column":19},"end":{"line":8,"column":54}},"3":{"start":{"line":9,"column":16},"end":{"line":9,"column":59}},"4":{"start":{"line":12,"column":2},"end":{"line":15,"column":3}},"5":{"start":{"line":13,"column":4},"end":{"line":13,"column":21}},"6":{"start":{"line":14,"column":4},"end":{"line":14,"column":73}},"7":{"start":{"line":14,"column":51},"end":{"line":14,"column":60}},"8":{"start":{"line":18,"column":2},"end":{"line":22,"column":3}},"9":{"start":{"line":19,"column":4},"end":{"line":19,"column":21}},"10":{"start":{"line":20,"column":18},"end":{"line":20,"column":52}},"11":{"start":{"line":21,"column":4},"end":{"line":21,"column":56}},"12":{"start":{"line":25,"column":2},"end":{"line":28,"column":3}},"13":{"start":{"line":26,"column":4},"end":{"line":26,"column":21}},"14":{"start":{"line":27,"column":4},"end":{"line":27,"column":42}},"15":{"start":{"line":30,"column":19},"end":{"line":30,"column":46}},"16":{"start":{"line":31,"column":2},"end":{"line":31,"column":61}},"17":{"start":{"line":31,"column":34},"end":{"line":31,"column":61}},"18":{"start":{"line":33,"column":2},"end":{"line":33,"column":40}},"19":{"start":{"line":39,"column":17},"end":{"line":43,"column":1}},"20":{"start":{"line":40,"column":16},"end":{"line":40,"column":67}},"21":{"start":{"line":41,"column":2},"end":{"line":41,"column":25}},"22":{"start":{"line":42,"column":2},"end":{"line":42,"column":14}},"23":{"start":{"line":45,"column":0},"end":{"line":45,"column":44}}},"fnMap":{"0":{"name":"(anonymous_0)","decl":{"start":{"line":7,"column":21},"end":{"line":7,"column":22}},"loc":{"start":{"line":7,"column":40},"end":{"line":34,"column":1}},"line":7},"1":{"name":"(anonymous_1)","decl":{"start":{"line":14,"column":44},"end":{"line":14,"column":45}},"loc":{"start":{"line":14,"column":51},"end":{"line":14,"column":60}},"line":14},"2":{"name":"(anonymous_2)","decl":{"start":{"line":39,"column":17},"end":{"line":39,"column":18}},"loc":{"start":{"line":39,"column":37},"end":{"line":43,"column":1}},"line":39}},"branchMap":{"0":{"loc":{"start":{"line":8,"column":19},"end":{"line":8,"column":54}},"type":"binary-expr","locations":[{"start":{"line":8,"column":19},"end":{"line":8,"column":33}},{"start":{"line":8,"column":37},"end":{"line":8,"column":47}},{"start":{"line":8,"column":51},"end":{"line":8,"column":54}}],"line":8},"1":{"loc":{"start":{"line":9,"column":16},"end":{"line":9,"column":59}},"type":"binary-expr","locations":[{"start":{"line":9,"column":16},"end":{"line":9,"column":27}},{"start":{"line":9,"column":31},"end":{"line":9,"column":59}}],"line":9},"2":{"loc":{"start":{"line":12,"column":2},"end":{"line":15,"column":3}},"type":"if","locations":[{"start":{"line":12,"column":2},"end":{"line":15,"column":3}},{"start":{},"end":{}}],"line":12},"3":{"loc":{"start":{"line":18,"column":2},"end":{"line":22,"column":3}},"type":"if","locations":[{"start":{"line":18,"column":2},"end":{"line":22,"column":3}},{"start":{},"end":{}}],"line":18},"4":{"loc":{"start":{"line":20,"column":30},"end":{"line":20,"column":48}},"type":"binary-expr","locations":[{"start":{"line":20,"column":30},"end":{"line":20,"column":42}},{"start":{"line":20,"column":46},"end":{"line":20,"column":48}}],"line":20},"5":{"loc":{"start":{"line":25,"column":2},"end":{"line":28,"column":3}},"type":"if","locations":[{"start":{"line":25,"column":2},"end":{"line":28,"column":3}},{"start":{},"end":{}}],"line":25},"6":{"loc":{"start":{"line":31,"column":2},"end":{"line":31,"column":61}},"type":"if","locations":[{"start":{"line":31,"column":2},"end":{"line":31,"column":61}},{"start":{},"end":{}}],"line":31}},"s":{"0":3,"1":3,"2":3,"3":3,"4":3,"5":1,"6":1,"7":2,"8":3,"9":1,"10":1,"11":1,"12":3,"13":1,"14":1,"15":3,"16":3,"17":3,"18":3,"19":3,"20":1,"21":1,"22":1,"23":3},"f":{"0":3,"1":2,"2":1},"b":{"0":[3,3,3],"1":[3,2],"2":[1,2],"3":[1,2],"4":[1,0],"5":[1,2],"6":[3,0]},"_coverageSchema":"1a1c01bbd47fc00a2c39e90264f33305004495a9","hash":"bd47f7b27a7305b975682a68fef5ceb871671a8b"}
,"C:\\Users\\Lenovo\\Desktop\\MediQ\\Backend\\src\\middlewares\\index.js": {"path":"C:\\Users\\Lenovo\\Desktop\\MediQ\\Backend\\src\\middlewares\\index.js","statementMap":{"0":{"start":{"line":7,"column":25},"end":{"line":7,"column":53}},"1":{"start":{"line":8,"column":45},"end":{"line":8,"column":73}},"2":{"start":{"line":9,"column":35},"end":{"line":9,"column":64}},"3":{"start":{"line":11,"column":0},"end":{"line":11,"column":92}}},"fnMap":{},"branchMap":{},"s":{"0":2,"1":2,"2":2,"3":2},"f":{},"b":{},"_coverageSchema":"1a1c01bbd47fc00a2c39e90264f33305004495a9","hash":"48819eff5604b439f6343097d9f25f2f7df17f27"}
,"C:\\Users\\Lenovo\\Desktop\\MediQ\\Backend\\src\\middlewares\\role.middleware.js": {"path":"C:\\Users\\Lenovo\\Desktop\\MediQ\\Backend\\src\\middlewares\\role.middleware.js","statementMap":{"0":{"start":{"line":6,"column":18},"end":{"line":19,"column":1}},"1":{"start":{"line":7,"column":2},"end":{"line":18,"column":4}},"2":{"start":{"line":8,"column":4},"end":{"line":10,"column":5}},"3":{"start":{"line":9,"column":6},"end":{"line":9,"column":82}},"4":{"start":{"line":11,"column":4},"end":{"line":16,"column":5}},"5":{"start":{"line":12,"column":6},"end":{"line":15,"column":9}},"6":{"start":{"line":17,"column":4},"end":{"line":17,"column":11}},"7":{"start":{"line":24,"column":30},"end":{"line":36,"column":1}},"8":{"start":{"line":25,"column":2},"end":{"line":35,"column":4}},"9":{"start":{"line":26,"column":4},"end":{"line":28,"column":5}},"10":{"start":{"line":27,"column":6},"end":{"line":27,"column":82}},"11":{"start":{"line":29,"column":20},"end":{"line":29,"column":44}},"12":{"start":{"line":30,"column":20},"end":{"line":30,"column":67}},"13":{"start":{"line":31,"column":4},"end":{"line":33,"column":5}},"14":{"start":{"line":32,"column":6},"end":{"line":32,"column":113}},"15":{"start":{"line":34,"column":4},"end":{"line":34,"column":11}},"16":{"start":{"line":38,"column":0},"end":{"line":38,"column":54}}},"fnMap":{"0":{"name":"(anonymous_0)","decl":{"start":{"line":6,"column":18},"end":{"line":6,"column":19}},"loc":{"start":{"line":6,"column":32},"end":{"line":19,"column":1}},"line":6},"1":{"name":"(anonymous_1)","decl":{"start":{"line":7,"column":9},"end":{"line":7,"column":10}},"loc":{"start":{"line":7,"column":29},"end":{"line":18,"column":3}},"line":7},"2":{"name":"(anonymous_2)","decl":{"start":{"line":24,"column":30},"end":{"line":24,"column":31}},"loc":{"start":{"line":24,"column":50},"end":{"line":36,"column":1}},"line":24},"3":{"name":"(anonymous_3)","decl":{"start":{"line":25,"column":9},"end":{"line":25,"column":10}},"loc":{"start":{"line":25,"column":29},"end":{"line":35,"column":3}},"line":25}},"branchMap":{"0":{"loc":{"start":{"line":8,"column":4},"end":{"line":10,"column":5}},"type":"if","locations":[{"start":{"line":8,"column":4},"end":{"line":10,"column":5}},{"start":{},"end":{}}],"line":8},"1":{"loc":{"start":{"line":11,"column":4},"end":{"line":16,"column":5}},"type":"if","locations":[{"start":{"line":11,"column":4},"end":{"line":16,"column":5}},{"start":{},"end":{}}],"line":11},"2":{"loc":{"start":{"line":24,"column":31},"end":{"line":24,"column":45}},"type":"default-arg","locations":[{"start":{"line":24,"column":41},"end":{"line":24,"column":45}}],"line":24},"3":{"loc":{"start":{"line":26,"column":4},"end":{"line":28,"column":5}},"type":"if","locations":[{"start":{"line":26,"column":4},"end":{"line":28,"column":5}},{"start":{},"end":{}}],"line":26},"4":{"loc":{"start":{"line":31,"column":4},"end":{"line":33,"column":5}},"type":"if","locations":[{"start":{"line":31,"column":4},"end":{"line":33,"column":5}},{"start":{},"end":{}}],"line":31},"5":{"loc":{"start":{"line":31,"column":8},"end":{"line":31,"column":28}},"type":"binary-expr","locations":[{"start":{"line":31,"column":8},"end":{"line":31,"column":16}},{"start":{"line":31,"column":20},"end":{"line":31,"column":28}}],"line":31}},"s":{"0":3,"1":21,"2":7,"3":1,"4":6,"5":1,"6":5,"7":3,"8":8,"9":4,"10":1,"11":3,"12":3,"13":3,"14":1,"15":2,"16":3},"f":{"0":21,"1":7,"2":8,"3":4},"b":{"0":[1,6],"1":[1,5],"2":[4],"3":[1,3],"4":[1,2],"5":[3,2]},"_coverageSchema":"1a1c01bbd47fc00a2c39e90264f33305004495a9","hash":"a1f90493af2a56d435b872c1d63c3f2e47c76d92"}
,"C:\\Users\\Lenovo\\Desktop\\MediQ\\Backend\\src\\middlewares\\validations\\auth.validations.js": {"path":"C:\\Users\\Lenovo\\Desktop\\MediQ\\Backend\\src\\middlewares\\validations\\auth.validations.js","statementMap":{"0":{"start":{"line":1,"column":17},"end":{"line":1,"column":45}},"1":{"start":{"line":2,"column":28},"end":{"line":2,"column":61}},"2":{"start":{"line":7,"column":25},"end":{"line":24,"column":1}},"3":{"start":{"line":29,"column":22},"end":{"line":38,"column":1}},"4":{"start":{"line":40,"column":0},"end":{"line":40,"column":53}}},"fnMap":{},"branchMap":{},"s":{"0":2,"1":2,"2":2,"3":2,"4":2},"f":{},"b":{},"_coverageSchema":"1a1c01bbd47fc00a2c39e90264f33305004495a9","hash":"c33727a9faa920519f06047908fb88d8cafe8b2f"}
,"C:\\Users\\Lenovo\\Desktop\\MediQ\\Backend\\src\\middlewares\\validations\\index.js": {"path":"C:\\Users\\Lenovo\\Desktop\\MediQ\\Backend\\src\\middlewares\\validations\\index.js","statementMap":{"0":{"start":{"line":5,"column":44},"end":{"line":5,"column":73}},"1":{"start":{"line":6,"column":31},"end":{"line":6,"column":60}},"2":{"start":{"line":8,"column":0},"end":{"line":8,"column":73}}},"fnMap":{},"branchMap":{},"s":{"0":2,"1":2,"2":2},"f":{},"b":{},"_coverageSchema":"1a1c01bbd47fc00a2c39e90264f33305004495a9","hash":"85ff60908d9cd0415006138b6f37c56f1098939c"}
,"C:\\Users\\Lenovo\\Desktop\\MediQ\\Backend\\src\\middlewares\\validations\\user.validations.js": {"path":"C:\\Users\\Lenovo\\Desktop\\MediQ\\Backend\\src\\middlewares\\validations\\user.validations.js","statementMap":{"0":{"start":{"line":1,"column":17},"end":{"line":1,"column":45}},"1":{"start":{"line":2,"column":28},"end":{"line":2,"column":61}},"2":{"start":{"line":7,"column":27},"end":{"line":19,"column":1}},"3":{"start":{"line":21,"column":0},"end":{"line":21,"column":40}}},"fnMap":{},"branchMap":{},"s":{"0":2,"1":2,"2":2,"3":2},"f":{},"b":{},"_coverageSchema":"1a1c01bbd47fc00a2c39e90264f33305004495a9","hash":"54f67309d898d8fadf0e8f22adde47eaea1b086b"}
,"C:\\Users\\Lenovo\\Desktop\\MediQ\\Backend\\src\\models\\Appointment.js": {"path":"C:\\Users\\Lenovo\\Desktop\\MediQ\\Backend\\src\\models\\Appointment.js","statementMap":{"0":{"start":{"line":1,"column":17},"end":{"line":1,"column":36}},"1":{"start":{"line":3,"column":26},"end":{"line":31,"column":1}},"2":{"start":{"line":33,"column":0},"end":{"line":33,"column":66}}},"fnMap":{},"branchMap":{},"s":{"0":2,"1":2,"2":2},"f":{},"b":{},"_coverageSchema":"1a1c01bbd47fc00a2c39e90264f33305004495a9","hash":"75984263d74a60cf0345658840705e44613bfd7c"}
,"C:\\Users\\Lenovo\\Desktop\\MediQ\\Backend\\src\\models\\Doctor.js": {"path":"C:\\Users\\Lenovo\\Desktop\\MediQ\\Backend\\src\\models\\Doctor.js","statementMap":{"0":{"start":{"line":1,"column":17},"end":{"line":1,"column":36}},"1":{"start":{"line":3,"column":21},"end":{"line":52,"column":1}},"2":{"start":{"line":54,"column":0},"end":{"line":56,"column":41}}},"fnMap":{},"branchMap":{"0":{"loc":{"start":{"line":55,"column":2},"end":{"line":56,"column":40}},"type":"binary-expr","locations":[{"start":{"line":55,"column":2},"end":{"line":55,"column":24}},{"start":{"line":56,"column":2},"end":{"line":56,"column":40}}],"line":55}},"s":{"0":2,"1":2,"2":2},"f":{},"b":{"0":[2,2]},"_coverageSchema":"1a1c01bbd47fc00a2c39e90264f33305004495a9","hash":"1aed645e69e29e1d6942d602be517b5a43f2a8e3"}
,"C:\\Users\\Lenovo\\Desktop\\MediQ\\Backend\\src\\models\\User.js": {"path":"C:\\Users\\Lenovo\\Desktop\\MediQ\\Backend\\src\\models\\User.js","statementMap":{"0":{"start":{"line":1,"column":17},"end":{"line":1,"column":36}},"1":{"start":{"line":2,"column":15},"end":{"line":2,"column":34}},"2":{"start":{"line":4,"column":19},"end":{"line":45,"column":1}},"3":{"start":{"line":48,"column":0},"end":{"line":57,"column":3}},"4":{"start":{"line":49,"column":2},"end":{"line":51,"column":3}},"5":{"start":{"line":50,"column":4},"end":{"line":50,"column":18}},"6":{"start":{"line":53,"column":15},"end":{"line":53,"column":39}},"7":{"start":{"line":54,"column":2},"end":{"line":54,"column":61}},"8":{"start":{"line":56,"column":2},"end":{"line":56,"column":9}},"9":{"start":{"line":60,"column":0},"end":{"line":64,"column":2}},"10":{"start":{"line":63,"column":2},"end":{"line":63,"column":62}},"11":{"start":{"line":67,"column":0},"end":{"line":75,"column":2}},"12":{"start":{"line":68,"column":2},"end":{"line":74,"column":4}},"13":{"start":{"line":77,"column":0},"end":{"line":79,"column":37}}},"fnMap":{"0":{"name":"(anonymous_0)","decl":{"start":{"line":48,"column":23},"end":{"line":48,"column":24}},"loc":{"start":{"line":48,"column":45},"end":{"line":57,"column":1}},"line":48},"1":{"name":"(anonymous_1)","decl":{"start":{"line":60,"column":40},"end":{"line":60,"column":41}},"loc":{"start":{"line":62,"column":2},"end":{"line":64,"column":1}},"line":62},"2":{"name":"(anonymous_2)","decl":{"start":{"line":67,"column":34},"end":{"line":67,"column":35}},"loc":{"start":{"line":67,"column":46},"end":{"line":75,"column":1}},"line":67}},"branchMap":{"0":{"loc":{"start":{"line":49,"column":2},"end":{"line":51,"column":3}},"type":"if","locations":[{"start":{"line":49,"column":2},"end":{"line":51,"column":3}},{"start":{},"end":{}}],"line":49},"1":{"loc":{"start":{"line":78,"column":2},"end":{"line":79,"column":36}},"type":"binary-expr","locations":[{"start":{"line":78,"column":2},"end":{"line":78,"column":22}},{"start":{"line":79,"column":2},"end":{"line":79,"column":36}}],"line":78}},"s":{"0":3,"1":3,"2":3,"3":3,"4":4,"5":0,"6":4,"7":4,"8":4,"9":3,"10":6,"11":3,"12":1,"13":3},"f":{"0":4,"1":6,"2":1},"b":{"0":[0,4],"1":[3,3]},"_coverageSchema":"1a1c01bbd47fc00a2c39e90264f33305004495a9","hash":"9d4b9adb272d40b868d3c6e7d5a1080213853888"}
,"C:\\Users\\Lenovo\\Desktop\\MediQ\\Backend\\src\\routes\\appointment.routes.js": {"path":"C:\\Users\\Lenovo\\Desktop\\MediQ\\Backend\\src\\routes\\appointment.routes.js","statementMap":{"0":{"start":{"line":1,"column":19},"end":{"line":1,"column":37}},"1":{"start":{"line":2,"column":111},"end":{"line":2,"column":159}},"2":{"start":{"line":3,"column":36},"end":{"line":3,"column":61}},"3":{"start":{"line":5,"column":15},"end":{"line":5,"column":23}},"4":{"start":{"line":7,"column":0},"end":{"line":7,"column":25}},"5":{"start":{"line":9,"column":0},"end":{"line":9,"column":33}},"6":{"start":{"line":10,"column":0},"end":{"line":10,"column":39}},"7":{"start":{"line":11,"column":0},"end":{"line":11,"column":68}},"8":{"start":{"line":12,"column":0},"end":{"line":12,"column":83}},"9":{"start":{"line":13,"column":0},"end":{"line":13,"column":61}},"10":{"start":{"line":15,"column":0},"end":{"line":15,"column":24}}},"fnMap":{},"branchMap":{},"s":{"0":2,"1":2,"2":2,"3":2,"4":2,"5":2,"6":2,"7":2,"8":2,"9":2,"10":2},"f":{},"b":{},"_coverageSchema":"1a1c01bbd47fc00a2c39e90264f33305004495a9","hash":"6a2a74a82b2c36aa9dbe7aa277d58b1b97be21de"}
,"C:\\Users\\Lenovo\\Desktop\\MediQ\\Backend\\src\\routes\\auth.routes.js": {"path":"C:\\Users\\Lenovo\\Desktop\\MediQ\\Backend\\src\\routes\\auth.routes.js","statementMap":{"0":{"start":{"line":1,"column":19},"end":{"line":1,"column":37}},"1":{"start":{"line":2,"column":43},"end":{"line":2,"column":73}},"2":{"start":{"line":3,"column":25},"end":{"line":3,"column":66}},"3":{"start":{"line":4,"column":44},"end":{"line":4,"column":81}},"4":{"start":{"line":6,"column":15},"end":{"line":6,"column":23}},"5":{"start":{"line":37,"column":0},"end":{"line":37,"column":53}},"6":{"start":{"line":63,"column":0},"end":{"line":63,"column":44}},"7":{"start":{"line":77,"column":0},"end":{"line":77,"column":45}},"8":{"start":{"line":93,"column":0},"end":{"line":93,"column":39}},"9":{"start":{"line":95,"column":0},"end":{"line":95,"column":24}}},"fnMap":{},"branchMap":{},"s":{"0":2,"1":2,"2":2,"3":2,"4":2,"5":2,"6":2,"7":2,"8":2,"9":2},"f":{},"b":{},"_coverageSchema":"1a1c01bbd47fc00a2c39e90264f33305004495a9","hash":"baf5e542a076758fe6af3991e5f0f53153285339"}
,"C:\\Users\\Lenovo\\Desktop\\MediQ\\Backend\\src\\routes\\doctor.routes.js": {"path":"C:\\Users\\Lenovo\\Desktop\\MediQ\\Backend\\src\\routes\\doctor.routes.js","statementMap":{"0":{"start":{"line":1,"column":19},"end":{"line":1,"column":37}},"1":{"start":{"line":8,"column":4},"end":{"line":8,"column":47}},"2":{"start":{"line":10,"column":36},"end":{"line":10,"column":61}},"3":{"start":{"line":12,"column":15},"end":{"line":12,"column":23}},"4":{"start":{"line":15,"column":0},"end":{"line":15,"column":28}},"5":{"start":{"line":16,"column":0},"end":{"line":16,"column":34}},"6":{"start":{"line":19,"column":0},"end":{"line":19,"column":65}},"7":{"start":{"line":21,"column":0},"end":{"line":26,"column":2}},"8":{"start":{"line":28,"column":0},"end":{"line":33,"column":2}},"9":{"start":{"line":35,"column":0},"end":{"line":35,"column":24}}},"fnMap":{},"branchMap":{},"s":{"0":2,"1":2,"2":2,"3":2,"4":2,"5":2,"6":2,"7":2,"8":2,"9":2},"f":{},"b":{},"_coverageSchema":"1a1c01bbd47fc00a2c39e90264f33305004495a9","hash":"4d82e2508c901ff40dceacd9cd59edaa8d8bf5bb"}
,"C:\\Users\\Lenovo\\Desktop\\MediQ\\Backend\\src\\routes\\index.js": {"path":"C:\\Users\\Lenovo\\Desktop\\MediQ\\Backend\\src\\routes\\index.js","statementMap":{"0":{"start":{"line":1,"column":19},"end":{"line":1,"column":37}},"1":{"start":{"line":2,"column":19},"end":{"line":2,"column":43}},"2":{"start":{"line":3,"column":19},"end":{"line":3,"column":43}},"3":{"start":{"line":4,"column":21},"end":{"line":4,"column":47}},"4":{"start":{"line":5,"column":26},"end":{"line":5,"column":57}},"5":{"start":{"line":6,"column":21},"end":{"line":6,"column":47}},"6":{"start":{"line":8,"column":15},"end":{"line":8,"column":23}},"7":{"start":{"line":10,"column":0},"end":{"line":17,"column":3}},"8":{"start":{"line":11,"column":2},"end":{"line":16,"column":5}},"9":{"start":{"line":19,"column":0},"end":{"line":19,"column":32}},"10":{"start":{"line":20,"column":0},"end":{"line":20,"column":33}},"11":{"start":{"line":21,"column":0},"end":{"line":21,"column":37}},"12":{"start":{"line":22,"column":0},"end":{"line":22,"column":47}},"13":{"start":{"line":23,"column":0},"end":{"line":23,"column":37}},"14":{"start":{"line":25,"column":0},"end":{"line":25,"column":24}}},"fnMap":{"0":{"name":"(anonymous_0)","decl":{"start":{"line":10,"column":22},"end":{"line":10,"column":23}},"loc":{"start":{"line":10,"column":36},"end":{"line":17,"column":1}},"line":10}},"branchMap":{},"s":{"0":3,"1":3,"2":3,"3":3,"4":3,"5":3,"6":3,"7":3,"8":1,"9":3,"10":3,"11":3,"12":3,"13":3,"14":3},"f":{"0":1},"b":{},"_coverageSchema":"1a1c01bbd47fc00a2c39e90264f33305004495a9","hash":"33cdff6a1f59637e2745bdec73558f341730103b"}
,"C:\\Users\\Lenovo\\Desktop\\MediQ\\Backend\\src\\routes\\report.routes.js": {"path":"C:\\Users\\Lenovo\\Desktop\\MediQ\\Backend\\src\\routes\\report.routes.js","statementMap":{"0":{"start":{"line":1,"column":19},"end":{"line":1,"column":37}},"1":{"start":{"line":2,"column":36},"end":{"line":2,"column":61}},"2":{"start":{"line":3,"column":58},"end":{"line":3,"column":101}},"3":{"start":{"line":5,"column":15},"end":{"line":5,"column":23}},"4":{"start":{"line":8,"column":0},"end":{"line":8,"column":45}},"5":{"start":{"line":10,"column":0},"end":{"line":10,"column":39}},"6":{"start":{"line":11,"column":0},"end":{"line":11,"column":49}},"7":{"start":{"line":12,"column":0},"end":{"line":12,"column":37}},"8":{"start":{"line":14,"column":0},"end":{"line":14,"column":24}}},"fnMap":{},"branchMap":{},"s":{"0":2,"1":2,"2":2,"3":2,"4":2,"5":2,"6":2,"7":2,"8":2},"f":{},"b":{},"_coverageSchema":"1a1c01bbd47fc00a2c39e90264f33305004495a9","hash":"700e5049aac2441bc65cccfaf1e07145fe612083"}
,"C:\\Users\\Lenovo\\Desktop\\MediQ\\Backend\\src\\routes\\user.routes.js": {"path":"C:\\Users\\Lenovo\\Desktop\\MediQ\\Backend\\src\\routes\\user.routes.js","statementMap":{"0":{"start":{"line":1,"column":19},"end":{"line":1,"column":37}},"1":{"start":{"line":2,"column":58},"end":{"line":2,"column":99}},"2":{"start":{"line":3,"column":59},"end":{"line":3,"column":84}},"3":{"start":{"line":4,"column":31},"end":{"line":4,"column":68}},"4":{"start":{"line":6,"column":15},"end":{"line":6,"column":23}},"5":{"start":{"line":9,"column":0},"end":{"line":9,"column":25}},"6":{"start":{"line":11,"column":0},"end":{"line":11,"column":46}},"7":{"start":{"line":12,"column":0},"end":{"line":12,"column":61}},"8":{"start":{"line":13,"column":0},"end":{"line":13,"column":80}},"9":{"start":{"line":14,"column":0},"end":{"line":14,"column":54}},"10":{"start":{"line":16,"column":0},"end":{"line":16,"column":24}}},"fnMap":{},"branchMap":{},"s":{"0":2,"1":2,"2":2,"3":2,"4":2,"5":2,"6":2,"7":2,"8":2,"9":2,"10":2},"f":{},"b":{},"_coverageSchema":"1a1c01bbd47fc00a2c39e90264f33305004495a9","hash":"7f0af28b9f5e0a7a0925dd570ad566567b1eec2d"}
,"C:\\Users\\Lenovo\\Desktop\\MediQ\\Backend\\src\\utils\\jwt.js": {"path":"C:\\Users\\Lenovo\\Desktop\\MediQ\\Backend\\src\\utils\\jwt.js","statementMap":{"0":{"start":{"line":1,"column":12},"end":{"line":1,"column":35}},"1":{"start":{"line":2,"column":78},"end":{"line":2,"column":102}},"2":{"start":{"line":4,"column":22},"end":{"line":6,"column":1}},"3":{"start":{"line":5,"column":2},"end":{"line":5,"column":77}},"4":{"start":{"line":8,"column":24},"end":{"line":15,"column":1}},"5":{"start":{"line":9,"column":2},"end":{"line":14,"column":5}},"6":{"start":{"line":17,"column":25},"end":{"line":23,"column":1}},"7":{"start":{"line":18,"column":2},"end":{"line":22,"column":5}},"8":{"start":{"line":25,"column":0},"end":{"line":25,"column":70}}},"fnMap":{"0":{"name":"(anonymous_0)","decl":{"start":{"line":4,"column":22},"end":{"line":4,"column":23}},"loc":{"start":{"line":4,"column":34},"end":{"line":6,"column":1}},"line":4},"1":{"name":"(anonymous_1)","decl":{"start":{"line":8,"column":24},"end":{"line":8,"column":25}},"loc":{"start":{"line":8,"column":40},"end":{"line":15,"column":1}},"line":8},"2":{"name":"(anonymous_2)","decl":{"start":{"line":17,"column":25},"end":{"line":17,"column":26}},"loc":{"start":{"line":17,"column":34},"end":{"line":23,"column":1}},"line":17}},"branchMap":{},"s":{"0":3,"1":3,"2":3,"3":8,"4":3,"5":8,"6":3,"7":2,"8":3},"f":{"0":8,"1":8,"2":2},"b":{},"_coverageSchema":"1a1c01bbd47fc00a2c39e90264f33305004495a9","hash":"823ffec1bc6169690c8c29946515e782a565cf3b"}
,"C:\\Users\\Lenovo\\Desktop\\MediQ\\Backend\\src\\utils\\response.js": {"path":"C:\\Users\\Lenovo\\Desktop\\MediQ\\Backend\\src\\utils\\response.js","statementMap":{"0":{"start":{"line":1,"column":20},"end":{"line":5,"column":1}},"1":{"start":{"line":2,"column":19},"end":{"line":2,"column":45}},"2":{"start":{"line":3,"column":2},"end":{"line":3,"column":42}},"3":{"start":{"line":3,"column":21},"end":{"line":3,"column":42}},"4":{"start":{"line":4,"column":2},"end":{"line":4,"column":47}},"5":{"start":{"line":7,"column":20},"end":{"line":9,"column":1}},"6":{"start":{"line":8,"column":2},"end":{"line":8,"column":46}},"7":{"start":{"line":11,"column":22},"end":{"line":22,"column":1}},"8":{"start":{"line":12,"column":2},"end":{"line":21,"column":5}},"9":{"start":{"line":24,"column":0},"end":{"line":24,"column":61}}},"fnMap":{"0":{"name":"(anonymous_0)","decl":{"start":{"line":1,"column":20},"end":{"line":1,"column":21}},"loc":{"start":{"line":1,"column":76},"end":{"line":5,"column":1}},"line":1},"1":{"name":"(anonymous_1)","decl":{"start":{"line":7,"column":20},"end":{"line":7,"column":21}},"loc":{"start":{"line":7,"column":84},"end":{"line":9,"column":1}},"line":7},"2":{"name":"(anonymous_2)","decl":{"start":{"line":11,"column":22},"end":{"line":11,"column":23}},"loc":{"start":{"line":11,"column":57},"end":{"line":22,"column":1}},"line":11}},"branchMap":{"0":{"loc":{"start":{"line":1,"column":26},"end":{"line":1,"column":37}},"type":"default-arg","locations":[{"start":{"line":1,"column":33},"end":{"line":1,"column":37}}],"line":1},"1":{"loc":{"start":{"line":1,"column":39},"end":{"line":1,"column":53}},"type":"default-arg","locations":[{"start":{"line":1,"column":49},"end":{"line":1,"column":53}}],"line":1},"2":{"loc":{"start":{"line":1,"column":55},"end":{"line":1,"column":71}},"type":"default-arg","locations":[{"start":{"line":1,"column":68},"end":{"line":1,"column":71}}],"line":1},"3":{"loc":{"start":{"line":3,"column":2},"end":{"line":3,"column":42}},"type":"if","locations":[{"start":{"line":3,"column":2},"end":{"line":3,"column":42}},{"start":{},"end":{}}],"line":3},"4":{"loc":{"start":{"line":7,"column":26},"end":{"line":7,"column":37}},"type":"default-arg","locations":[{"start":{"line":7,"column":33},"end":{"line":7,"column":37}}],"line":7},"5":{"loc":{"start":{"line":7,"column":39},"end":{"line":7,"column":79}},"type":"default-arg","locations":[{"start":{"line":7,"column":49},"end":{"line":7,"column":79}}],"line":7}},"s":{"0":3,"1":15,"2":15,"3":12,"4":15,"5":3,"6":5,"7":3,"8":4,"9":3},"f":{"0":15,"1":5,"2":4},"b":{"0":[0],"1":[5],"2":[9],"3":[12,3],"4":[0],"5":[5]},"_coverageSchema":"1a1c01bbd47fc00a2c39e90264f33305004495a9","hash":"307e6c04a81ca4af1170ff01309e4628b09fa292"}
,"C:\\Users\\Lenovo\\Desktop\\MediQ\\Backend\\src\\utils\\validators.js": {"path":"C:\\Users\\Lenovo\\Desktop\\MediQ\\Backend\\src\\utils\\validators.js","statementMap":{"0":{"start":{"line":1,"column":29},"end":{"line":1,"column":57}},"1":{"start":{"line":7,"column":24},"end":{"line":17,"column":1}},"2":{"start":{"line":8,"column":17},"end":{"line":8,"column":38}},"3":{"start":{"line":9,"column":2},"end":{"line":15,"column":3}},"4":{"start":{"line":10,"column":4},"end":{"line":14,"column":7}},"5":{"start":{"line":13,"column":41},"end":{"line":13,"column":74}},"6":{"start":{"line":16,"column":2},"end":{"line":16,"column":9}},"7":{"start":{"line":25,"column":23},"end":{"line":33,"column":1}},"8":{"start":{"line":26,"column":2},"end":{"line":28,"column":3}},"9":{"start":{"line":27,"column":4},"end":{"line":27,"column":76}},"10":{"start":{"line":29,"column":2},"end":{"line":31,"column":3}},"11":{"start":{"line":30,"column":4},"end":{"line":30,"column":84}},"12":{"start":{"line":32,"column":2},"end":{"line":32,"column":25}},"13":{"start":{"line":35,"column":0},"end":{"line":35,"column":53}}},"fnMap":{"0":{"name":"(anonymous_0)","decl":{"start":{"line":7,"column":24},"end":{"line":7,"column":25}},"loc":{"start":{"line":7,"column":44},"end":{"line":17,"column":1}},"line":7},"1":{"name":"(anonymous_1)","decl":{"start":{"line":13,"column":33},"end":{"line":13,"column":34}},"loc":{"start":{"line":13,"column":41},"end":{"line":13,"column":74}},"line":13},"2":{"name":"(anonymous_2)","decl":{"start":{"line":25,"column":23},"end":{"line":25,"column":24}},"loc":{"start":{"line":25,"column":35},"end":{"line":33,"column":1}},"line":25}},"branchMap":{"0":{"loc":{"start":{"line":9,"column":2},"end":{"line":15,"column":3}},"type":"if","locations":[{"start":{"line":9,"column":2},"end":{"line":15,"column":3}},{"start":{},"end":{}}],"line":9},"1":{"loc":{"start":{"line":26,"column":2},"end":{"line":28,"column":3}},"type":"if","locations":[{"start":{"line":26,"column":2},"end":{"line":28,"column":3}},{"start":{},"end":{}}],"line":26},"2":{"loc":{"start":{"line":26,"column":6},"end":{"line":26,"column":73}},"type":"binary-expr","locations":[{"start":{"line":26,"column":6},"end":{"line":26,"column":13}},{"start":{"line":26,"column":17},"end":{"line":26,"column":43}},{"start":{"line":26,"column":47},"end":{"line":26,"column":73}}],"line":26},"3":{"loc":{"start":{"line":29,"column":2},"end":{"line":31,"column":3}},"type":"if","locations":[{"start":{"line":29,"column":2},"end":{"line":31,"column":3}},{"start":{},"end":{}}],"line":29}},"s":{"0":4,"1":4,"2":9,"3":9,"4":1,"5":1,"6":8,"7":4,"8":8,"9":1,"10":7,"11":2,"12":5,"13":4},"f":{"0":9,"1":1,"2":8},"b":{"0":[1,8],"1":[1,7],"2":[8,7,7],"3":[2,5]},"_coverageSchema":"1a1c01bbd47fc00a2c39e90264f33305004495a9","hash":"85dd03d60ac61756f29ec59916938a0ea8cbf60e"}
}
