TN:
SF:src\app.js
FN:20,(anonymous_0)
FN:26,(anonymous_1)
FN:57,(anonymous_2)
FN:68,(anonymous_3)
FNF:4
FNH:4
FNDA:7,(anonymous_0)
FNDA:21,(anonymous_1)
FNDA:8,(anonymous_2)
FNDA:1,(anonymous_3)
DA:1,5
DA:2,5
DA:3,5
DA:4,5
DA:5,5
DA:6,5
DA:7,5
DA:8,5
DA:10,5
DA:11,5
DA:12,5
DA:14,5
DA:15,5
DA:20,7
DA:24,5
DA:27,21
DA:28,20
DA:31,1
DA:39,5
DA:40,5
DA:41,5
DA:43,5
DA:44,1
DA:48,5
DA:57,8
DA:60,5
DA:61,5
DA:63,5
DA:65,5
DA:66,5
DA:68,5
DA:69,1
DA:75,5
DA:76,5
DA:78,5
LF:35
LH:35
BRDA:27,0,0,20
BRDA:27,0,1,1
BRDA:27,1,0,21
BRDA:27,1,1,2
BRDA:43,2,0,1
BRDA:43,2,1,4
BRDA:57,3,0,8
BRDA:57,3,1,0
BRF:8
BRH:7
end_of_record
TN:
SF:src\server.e2e.js
FN:18,(anonymous_0)
FN:34,(anonymous_1)
FN:43,(anonymous_2)
FN:46,(anonymous_3)
FN:47,(anonymous_4)
FNF:5
FNH:0
FNDA:0,(anonymous_0)
FNDA:0,(anonymous_1)
FNDA:0,(anonymous_2)
FNDA:0,(anonymous_3)
FNDA:0,(anonymous_4)
DA:2,0
DA:4,0
DA:6,0
DA:7,0
DA:9,0
DA:11,0
DA:12,0
DA:13,0
DA:18,0
DA:19,0
DA:20,0
DA:21,0
DA:23,0
DA:24,0
DA:26,0
DA:27,0
DA:29,0
DA:30,0
DA:31,0
DA:32,0
DA:34,0
DA:35,0
DA:38,0
DA:39,0
DA:43,0
DA:44,0
DA:45,0
DA:46,0
DA:47,0
DA:51,0
DA:53,0
DA:54,0
DA:57,0
DA:59,0
DA:63,0
DA:64,0
DA:66,0
LF:37
LH:0
BRDA:9,0,0,0
BRDA:9,0,1,0
BRDA:24,1,0,0
BRDA:24,1,1,0
BRDA:45,2,0,0
BRDA:45,2,1,0
BRDA:47,3,0,0
BRDA:47,3,1,0
BRDA:53,4,0,0
BRDA:53,4,1,0
BRF:10
BRH:0
end_of_record
TN:
SF:src\config\env.js
FN:5,(anonymous_0)
FNF:1
FNH:1
FNDA:17,(anonymous_0)
DA:1,9
DA:3,9
DA:5,9
DA:6,17
DA:7,1
DA:8,1
DA:13,8
DA:17,1
DA:18,1
DA:21,7
LF:10
LH:10
BRDA:6,0,0,1
BRDA:6,0,1,16
BRDA:13,1,0,1
BRDA:13,1,1,7
BRDA:14,2,0,8
BRDA:14,2,1,1
BRDA:22,3,0,7
BRDA:22,3,1,4
BRDA:23,4,0,7
BRDA:23,4,1,1
BRDA:28,5,0,7
BRDA:28,5,1,4
BRDA:30,6,0,7
BRDA:30,6,1,4
BRDA:31,7,0,7
BRDA:31,7,1,4
BRDA:34,8,0,7
BRDA:34,8,1,2
BRF:18
BRH:18
end_of_record
TN:
SF:src\controllers\appointment.controller.js
FN:7,(anonymous_0)
FN:39,(anonymous_1)
FN:58,(anonymous_2)
FN:91,(anonymous_3)
FN:116,(anonymous_4)
FNF:5
FNH:5
FNDA:5,(anonymous_0)
FNDA:2,(anonymous_1)
FNDA:5,(anonymous_2)
FNDA:4,(anonymous_3)
FNDA:2,(anonymous_4)
DA:1,3
DA:2,3
DA:3,3
DA:4,3
DA:7,3
DA:8,5
DA:9,5
DA:10,5
DA:11,4
DA:12,1
DA:13,1
DA:14,1
DA:15,0
DA:18,4
DA:19,4
DA:20,4
DA:22,4
DA:32,4
DA:34,0
DA:39,3
DA:40,2
DA:41,2
DA:45,2
DA:47,1
DA:48,1
DA:51,0
DA:53,0
DA:58,3
DA:59,5
DA:60,5
DA:62,5
DA:63,5
DA:65,4
DA:66,4
DA:68,3
DA:73,3
DA:75,1
DA:77,1
DA:84,1
DA:86,0
DA:91,3
DA:92,4
DA:93,4
DA:94,1
DA:97,3
DA:98,3
DA:99,3
DA:101,2
DA:107,2
DA:109,1
DA:111,0
DA:116,3
DA:117,2
DA:118,2
DA:120,2
DA:122,1
DA:124,0
DA:128,3
LF:58
LH:51
BRDA:10,0,0,4
BRDA:10,0,1,1
BRDA:12,1,0,1
BRDA:12,1,1,0
BRDA:14,2,0,1
BRDA:14,2,1,0
BRDA:18,3,0,4
BRDA:18,3,1,4
BRDA:19,4,0,4
BRDA:19,4,1,4
BRDA:45,5,0,1
BRDA:45,5,1,1
BRDA:47,6,0,1
BRDA:47,6,1,0
BRDA:47,7,0,1
BRDA:47,7,1,1
BRDA:63,8,0,1
BRDA:63,8,1,4
BRDA:66,9,0,1
BRDA:66,9,1,3
BRDA:73,10,0,2
BRDA:73,10,1,1
BRDA:93,11,0,1
BRDA:93,11,1,3
BRDA:99,12,0,1
BRDA:99,12,1,2
BRDA:107,13,0,1
BRDA:107,13,1,1
BRDA:120,14,0,1
BRDA:120,14,1,1
BRF:30
BRH:27
end_of_record
TN:
SF:src\controllers\doctor.controller.js
FN:10,(anonymous_0)
FN:35,(anonymous_1)
FN:55,(anonymous_2)
FN:92,(anonymous_3)
FN:118,(anonymous_4)
FNF:5
FNH:5
FNDA:2,(anonymous_0)
FNDA:2,(anonymous_1)
FNDA:3,(anonymous_2)
FNDA:2,(anonymous_3)
FNDA:2,(anonymous_4)
DA:1,3
DA:2,3
DA:7,3
DA:10,3
DA:11,2
DA:12,2
DA:16,2
DA:17,2
DA:18,2
DA:20,2
DA:28,1
DA:30,1
DA:35,3
DA:36,2
DA:37,2
DA:42,2
DA:43,1
DA:48,1
DA:50,0
DA:55,3
DA:56,3
DA:58,3
DA:60,3
DA:62,3
DA:63,1
DA:70,2
DA:71,2
DA:72,1
DA:78,1
DA:85,1
DA:87,0
DA:92,3
DA:93,2
DA:94,2
DA:96,2
DA:97,1
DA:103,1
DA:105,1
DA:111,1
DA:113,0
DA:118,3
DA:119,2
DA:120,2
DA:122,2
DA:123,1
DA:128,1
DA:130,1
DA:132,0
DA:136,3
LF:49
LH:45
BRDA:12,0,0,0
BRDA:12,0,1,2
BRDA:16,1,0,2
BRDA:16,1,1,2
BRDA:17,2,0,2
BRDA:17,2,1,2
BRDA:42,3,0,1
BRDA:42,3,1,1
BRDA:62,4,0,1
BRDA:62,4,1,2
BRDA:62,5,0,3
BRDA:62,5,1,2
BRDA:71,6,0,1
BRDA:71,6,1,1
BRDA:82,7,0,1
BRDA:82,7,1,0
BRDA:96,8,0,1
BRDA:96,8,1,1
BRDA:122,9,0,1
BRDA:122,9,1,1
BRF:20
BRH:18
end_of_record
TN:
SF:src\controllers\report.controller.js
FN:5,(anonymous_0)
FN:23,(anonymous_1)
FN:49,(anonymous_2)
FNF:3
FNH:3
FNDA:2,(anonymous_0)
FNDA:2,(anonymous_1)
FNDA:2,(anonymous_2)
DA:1,3
DA:2,3
DA:5,3
DA:6,2
DA:7,2
DA:16,1
DA:18,1
DA:23,3
DA:24,2
DA:25,2
DA:43,1
DA:45,1
DA:49,3
DA:50,2
DA:51,2
DA:53,2
DA:60,2
DA:61,2
DA:62,2
DA:64,2
DA:77,1
DA:79,1
DA:83,3
LF:23
LH:23
BRDA:60,0,0,2
BRDA:60,0,1,0
BRDA:61,1,0,2
BRDA:61,1,1,0
BRF:4
BRH:2
end_of_record
TN:
SF:src\controllers\user.controller.js
FN:5,(anonymous_0)
FN:8,(anonymous_1)
FN:11,(anonymous_2)
FN:14,(anonymous_3)
FN:19,(anonymous_4)
FN:22,(anonymous_5)
FN:34,(anonymous_6)
FN:67,(anonymous_7)
FN:74,(anonymous_8)
FN:94,(anonymous_9)
FN:109,(anonymous_10)
FN:130,(anonymous_11)
FNF:12
FNH:8
FNDA:0,(anonymous_0)
FNDA:1,(anonymous_1)
FNDA:2,(anonymous_2)
FNDA:1,(anonymous_3)
FNDA:0,(anonymous_4)
FNDA:1,(anonymous_5)
FNDA:0,(anonymous_6)
FNDA:0,(anonymous_7)
FNDA:1,(anonymous_8)
FNDA:2,(anonymous_9)
FNDA:2,(anonymous_10)
FNDA:2,(anonymous_11)
DA:1,3
DA:2,3
DA:3,3
DA:5,3
DA:6,0
DA:8,3
DA:9,1
DA:11,3
DA:12,2
DA:14,1
DA:15,1
DA:18,1
DA:19,0
DA:22,1
DA:23,1
DA:25,1
DA:34,3
DA:35,0
DA:37,0
DA:38,0
DA:40,0
DA:41,0
DA:42,0
DA:48,0
DA:50,0
DA:51,0
DA:52,0
DA:60,0
DA:66,0
DA:67,0
DA:69,0
DA:74,3
DA:75,1
DA:76,1
DA:77,1
DA:78,1
DA:80,1
DA:85,1
DA:87,1
DA:89,0
DA:94,3
DA:95,2
DA:96,2
DA:97,2
DA:98,1
DA:101,1
DA:102,1
DA:104,0
DA:109,3
DA:110,2
DA:111,2
DA:113,2
DA:119,2
DA:120,1
DA:123,1
DA:125,0
DA:130,3
DA:131,2
DA:132,2
DA:133,2
DA:134,1
DA:136,1
DA:138,0
DA:142,3
LF:64
LH:44
BRDA:9,0,0,0
BRDA:9,0,1,1
BRDA:12,1,0,1
BRDA:12,1,1,1
BRDA:27,2,0,1
BRDA:27,2,1,1
BRDA:28,3,0,1
BRDA:28,3,1,1
BRDA:41,4,0,0
BRDA:41,4,1,0
BRDA:51,5,0,0
BRDA:51,5,1,0
BRDA:62,6,0,0
BRDA:62,6,1,0
BRDA:63,7,0,0
BRDA:63,7,1,0
BRDA:66,8,0,0
BRDA:66,8,1,0
BRDA:76,9,0,1
BRDA:76,9,1,1
BRDA:77,10,0,1
BRDA:77,10,1,1
BRDA:97,11,0,1
BRDA:97,11,1,1
BRDA:119,12,0,1
BRDA:119,12,1,1
BRDA:133,13,0,1
BRDA:133,13,1,1
BRF:28
BRH:17
end_of_record
TN:
SF:src\controllers\auth\index.js
FNF:0
FNH:0
DA:8,2
DA:9,2
DA:10,2
DA:12,2
LF:4
LH:4
BRF:0
BRH:0
end_of_record
TN:
SF:src\controllers\auth\login.controller.js
FN:9,(anonymous_0)
FNF:1
FNH:1
FNDA:8,(anonymous_0)
DA:1,3
DA:2,3
DA:3,3
DA:9,3
DA:10,8
DA:11,8
DA:13,8
DA:14,8
DA:15,1
DA:18,7
DA:19,7
DA:20,2
DA:23,5
DA:24,5
DA:26,5
DA:33,0
DA:37,3
LF:17
LH:16
BRDA:14,0,0,1
BRDA:14,0,1,7
BRDA:19,1,0,2
BRDA:19,1,1,5
BRF:4
BRH:4
end_of_record
TN:
SF:src\controllers\auth\register.controller.js
FN:11,(anonymous_0)
FNF:1
FNH:1
FNDA:6,(anonymous_0)
DA:1,3
DA:2,3
DA:3,3
DA:9,3
DA:11,3
DA:12,6
DA:13,6
DA:16,6
DA:17,1
DA:23,5
DA:24,5
DA:25,1
DA:29,4
DA:30,4
DA:32,4
DA:33,4
DA:35,4
DA:42,0
DA:46,3
LF:19
LH:18
BRDA:16,0,0,1
BRDA:16,0,1,5
BRDA:16,1,0,6
BRDA:16,1,1,5
BRDA:24,2,0,1
BRDA:24,2,1,4
BRDA:29,3,0,3
BRDA:29,3,1,1
BRF:8
BRH:8
end_of_record
TN:
SF:src\controllers\auth\session.controller.js
FN:8,(anonymous_0)
FN:21,(anonymous_1)
FNF:2
FNH:2
FNDA:3,(anonymous_0)
FNDA:2,(anonymous_1)
DA:1,3
DA:2,3
DA:8,3
DA:9,3
DA:10,3
DA:11,3
DA:13,0
DA:21,3
DA:22,2
DA:23,2
DA:25,0
DA:29,3
LF:12
LH:10
BRF:0
BRH:0
end_of_record
TN:
SF:src\middlewares\auth.middleware.js
FN:5,(anonymous_0)
FNF:1
FNH:1
FNDA:13,(anonymous_0)
DA:1,3
DA:2,3
DA:3,3
DA:5,3
DA:6,13
DA:7,13
DA:9,13
DA:10,1
DA:13,12
DA:14,10
DA:16,10
DA:17,1
DA:20,9
DA:21,9
DA:23,2
DA:24,1
DA:26,1
DA:27,1
DA:29,0
DA:33,3
LF:20
LH:19
BRDA:9,0,0,1
BRDA:9,0,1,12
BRDA:16,1,0,1
BRDA:16,1,1,9
BRDA:23,2,0,1
BRDA:23,2,1,1
BRDA:26,3,0,1
BRDA:26,3,1,0
BRF:8
BRH:7
end_of_record
TN:
SF:src\middlewares\error.middleware.js
FN:7,(anonymous_0)
FN:14,(anonymous_1)
FN:39,(anonymous_2)
FNF:3
FNH:3
FNDA:3,(anonymous_0)
FNDA:2,(anonymous_1)
FNDA:1,(anonymous_2)
DA:1,3
DA:7,3
DA:8,3
DA:9,3
DA:12,3
DA:13,1
DA:14,2
DA:18,3
DA:19,1
DA:20,1
DA:21,1
DA:25,3
DA:26,1
DA:27,1
DA:30,3
DA:31,3
DA:33,3
DA:39,3
DA:40,1
DA:41,1
DA:42,1
DA:45,3
LF:22
LH:22
BRDA:8,0,0,3
BRDA:8,0,1,3
BRDA:8,0,2,3
BRDA:9,1,0,3
BRDA:9,1,1,2
BRDA:12,2,0,1
BRDA:12,2,1,2
BRDA:18,3,0,1
BRDA:18,3,1,2
BRDA:20,4,0,1
BRDA:20,4,1,0
BRDA:25,5,0,1
BRDA:25,5,1,2
BRDA:31,6,0,3
BRDA:31,6,1,0
BRF:15
BRH:13
end_of_record
TN:
SF:src\middlewares\index.js
FNF:0
FNH:0
DA:7,2
DA:8,2
DA:9,2
DA:11,2
LF:4
LH:4
BRF:0
BRH:0
end_of_record
TN:
SF:src\middlewares\role.middleware.js
FN:6,(anonymous_0)
FN:7,(anonymous_1)
FN:24,(anonymous_2)
FN:25,(anonymous_3)
FNF:4
FNH:4
FNDA:23,(anonymous_0)
FNDA:7,(anonymous_1)
FNDA:8,(anonymous_2)
FNDA:4,(anonymous_3)
DA:6,3
DA:7,23
DA:8,7
DA:9,1
DA:11,6
DA:12,1
DA:17,5
DA:24,3
DA:25,8
DA:26,4
DA:27,1
DA:29,3
DA:30,3
DA:31,3
DA:32,1
DA:34,2
DA:38,3
LF:17
LH:17
BRDA:8,0,0,1
BRDA:8,0,1,6
BRDA:11,1,0,1
BRDA:11,1,1,5
BRDA:24,2,0,4
BRDA:26,3,0,1
BRDA:26,3,1,3
BRDA:31,4,0,1
BRDA:31,4,1,2
BRDA:31,5,0,3
BRDA:31,5,1,2
BRF:11
BRH:11
end_of_record
TN:
SF:src\middlewares\validations\auth.validations.js
FNF:0
FNH:0
DA:1,2
DA:2,2
DA:7,2
DA:29,2
DA:40,2
LF:5
LH:5
BRF:0
BRH:0
end_of_record
TN:
SF:src\middlewares\validations\index.js
FNF:0
FNH:0
DA:5,2
DA:6,2
DA:8,2
LF:3
LH:3
BRF:0
BRH:0
end_of_record
TN:
SF:src\middlewares\validations\user.validations.js
FNF:0
FNH:0
DA:1,2
DA:2,2
DA:4,2
DA:16,2
DA:44,2
DA:58,2
LF:6
LH:6
BRF:0
BRH:0
end_of_record
TN:
SF:src\models\Appointment.js
FNF:0
FNH:0
DA:1,2
DA:3,2
DA:33,2
LF:3
LH:3
BRF:0
BRH:0
end_of_record
TN:
SF:src\models\Doctor.js
FNF:0
FNH:0
DA:1,2
DA:3,2
DA:54,2
LF:3
LH:3
BRDA:55,0,0,2
BRDA:55,0,1,2
BRF:2
BRH:2
end_of_record
TN:
SF:src\models\User.js
FN:48,(anonymous_0)
FN:60,(anonymous_1)
FN:67,(anonymous_2)
FNF:3
FNH:3
FNDA:4,(anonymous_0)
FNDA:6,(anonymous_1)
FNDA:1,(anonymous_2)
DA:1,3
DA:2,3
DA:4,3
DA:48,3
DA:49,4
DA:50,0
DA:53,4
DA:54,4
DA:56,4
DA:60,3
DA:63,6
DA:67,3
DA:68,1
DA:77,3
LF:14
LH:13
BRDA:49,0,0,0
BRDA:49,0,1,4
BRDA:78,1,0,3
BRDA:78,1,1,3
BRF:4
BRH:3
end_of_record
TN:
SF:src\routes\appointment.routes.js
FNF:0
FNH:0
DA:1,2
DA:2,2
DA:3,2
DA:5,2
DA:7,2
DA:9,2
DA:10,2
DA:11,2
DA:12,2
DA:13,2
DA:15,2
LF:11
LH:11
BRF:0
BRH:0
end_of_record
TN:
SF:src\routes\auth.routes.js
FNF:0
FNH:0
DA:1,2
DA:2,2
DA:3,2
DA:4,2
DA:6,2
DA:37,2
DA:63,2
DA:77,2
DA:93,2
DA:95,2
LF:10
LH:10
BRF:0
BRH:0
end_of_record
TN:
SF:src\routes\doctor.routes.js
FNF:0
FNH:0
DA:1,2
DA:8,2
DA:10,2
DA:12,2
DA:15,2
DA:16,2
DA:19,2
DA:21,2
DA:28,2
DA:35,2
LF:10
LH:10
BRF:0
BRH:0
end_of_record
TN:
SF:src\routes\index.js
FN:10,(anonymous_0)
FNF:1
FNH:1
FNDA:1,(anonymous_0)
DA:1,3
DA:2,3
DA:3,3
DA:4,3
DA:5,3
DA:6,3
DA:8,3
DA:10,3
DA:11,1
DA:19,3
DA:20,3
DA:21,3
DA:22,3
DA:23,3
DA:25,3
LF:15
LH:15
BRF:0
BRH:0
end_of_record
TN:
SF:src\routes\report.routes.js
FNF:0
FNH:0
DA:1,2
DA:2,2
DA:3,2
DA:5,2
DA:8,2
DA:10,2
DA:11,2
DA:12,2
DA:14,2
LF:9
LH:9
BRF:0
BRH:0
end_of_record
TN:
SF:src\routes\user.routes.js
FNF:0
FNH:0
DA:1,2
DA:2,2
DA:3,2
DA:4,2
DA:6,2
DA:9,2
DA:11,2
DA:12,2
DA:13,2
DA:14,2
DA:15,2
DA:17,2
LF:12
LH:12
BRF:0
BRH:0
end_of_record
TN:
SF:src\utils\jwt.js
FN:10,(anonymous_0)
FN:15,(anonymous_1)
FN:25,(anonymous_2)
FN:29,(anonymous_3)
FN:36,(anonymous_4)
FNF:5
FNH:5
FNDA:13,(anonymous_0)
FNDA:12,(anonymous_1)
FNDA:8,(anonymous_2)
FNDA:9,(anonymous_3)
FNDA:3,(anonymous_4)
DA:1,3
DA:8,3
DA:10,3
DA:11,13
DA:15,3
DA:16,12
DA:18,12
DA:25,3
DA:26,8
DA:29,3
DA:30,9
DA:36,3
DA:37,3
DA:42,3
LF:14
LH:14
BRDA:11,0,0,13
BRDA:11,0,1,13
BRDA:11,0,2,11
BRDA:21,1,0,1
BRDA:21,1,1,11
BRF:5
BRH:5
end_of_record
TN:
SF:src\utils\response.js
FN:1,(anonymous_0)
FN:7,(anonymous_1)
FN:11,(anonymous_2)
FNF:3
FNH:3
FNDA:16,(anonymous_0)
FNDA:5,(anonymous_1)
FNDA:4,(anonymous_2)
DA:1,3
DA:2,16
DA:3,16
DA:4,16
DA:7,3
DA:8,5
DA:11,3
DA:12,4
DA:24,3
LF:9
LH:9
BRDA:1,0,0,0
BRDA:1,1,0,5
BRDA:1,2,0,10
BRDA:3,3,0,12
BRDA:3,3,1,4
BRDA:7,4,0,0
BRDA:7,5,0,5
BRF:7
BRH:5
end_of_record
TN:
SF:src\utils\validators.js
FN:7,(anonymous_0)
FN:13,(anonymous_1)
FN:25,(anonymous_2)
FNF:3
FNH:3
FNDA:9,(anonymous_0)
FNDA:1,(anonymous_1)
FNDA:8,(anonymous_2)
DA:1,4
DA:7,4
DA:8,9
DA:9,9
DA:10,1
DA:13,1
DA:16,8
DA:25,4
DA:26,8
DA:27,1
DA:29,7
DA:30,2
DA:32,5
DA:35,4
LF:14
LH:14
BRDA:9,0,0,1
BRDA:9,0,1,8
BRDA:26,1,0,1
BRDA:26,1,1,7
BRDA:26,2,0,8
BRDA:26,2,1,7
BRDA:26,2,2,7
BRDA:29,3,0,2
BRDA:29,3,1,5
BRF:9
BRH:9
end_of_record
